<?xml version="1.0" encoding="UTF-8"?>
<coverage generated="1664175795028" clover="3.2.0">
  <project timestamp="1664175795028" name="All files">
    <metrics statements="294" coveredstatements="161" conditionals="146" coveredconditionals="63" methods="87" coveredmethods="17" elements="527" coveredelements="241" complexity="0" loc="294" ncloc="294" packages="1" files="17" classes="17"/>
    <file name="AppIntroduction.js" path="D:\Documentos\ARCHIVOS\UVG\2022\Semestre 2\Ingeniera de Software 2\healthforms\my-project\components\AppIntroduction.js">
      <metrics statements="5" coveredstatements="4" conditionals="2" coveredconditionals="2" methods="2" coveredmethods="1"/>
      <line num="7" count="2" type="cond" truecount="2" falsecount="0"/>
      <line num="8" count="1" type="stmt"/>
      <line num="41" count="0" type="stmt"/>
      <line num="52" count="1" type="stmt"/>
      <line num="59" count="1" type="stmt"/>
    </file>
    <file name="Camara.js" path="D:\Documentos\ARCHIVOS\UVG\2022\Semestre 2\Ingeniera de Software 2\healthforms\my-project\components\Camara.js">
      <metrics statements="37" coveredstatements="9" conditionals="8" coveredconditionals="1" methods="6" coveredmethods="1"/>
      <line num="8" count="1" type="stmt"/>
      <line num="9" count="1" type="stmt"/>
      <line num="10" count="1" type="stmt"/>
      <line num="13" count="1" type="stmt"/>
      <line num="14" count="0" type="stmt"/>
      <line num="15" count="0" type="stmt"/>
      <line num="16" count="0" type="stmt"/>
      <line num="20" count="1" type="stmt"/>
      <line num="21" count="0" type="stmt"/>
      <line num="25" count="1" type="stmt"/>
      <line num="26" count="0" type="stmt"/>
      <line num="27" count="0" type="stmt"/>
      <line num="28" count="0" type="stmt"/>
      <line num="29" count="0" type="cond" truecount="0" falsecount="2"/>
      <line num="30" count="0" type="stmt"/>
      <line num="31" count="0" type="stmt"/>
      <line num="32" count="0" type="stmt"/>
      <line num="35" count="0" type="stmt"/>
      <line num="36" count="0" type="stmt"/>
      <line num="37" count="0" type="stmt"/>
      <line num="38" count="0" type="stmt"/>
      <line num="39" count="0" type="stmt"/>
      <line num="40" count="0" type="stmt"/>
      <line num="41" count="0" type="stmt"/>
      <line num="42" count="0" type="stmt"/>
      <line num="43" count="0" type="stmt"/>
      <line num="44" count="0" type="stmt"/>
      <line num="45" count="0" type="stmt"/>
      <line num="46" count="0" type="stmt"/>
      <line num="47" count="0" type="stmt"/>
      <line num="51" count="1" type="cond" truecount="1" falsecount="1"/>
      <line num="52" count="1" type="stmt"/>
      <line num="58" count="0" type="cond" truecount="0" falsecount="2"/>
      <line num="59" count="0" type="stmt"/>
      <line num="62" count="0" type="stmt"/>
      <line num="68" count="0" type="stmt"/>
      <line num="86" count="3" type="stmt"/>
    </file>
    <file name="CreateForm.js" path="D:\Documentos\ARCHIVOS\UVG\2022\Semestre 2\Ingeniera de Software 2\healthforms\my-project\components\CreateForm.js">
      <metrics statements="45" coveredstatements="16" conditionals="57" coveredconditionals="16" methods="22" coveredmethods="1"/>
      <line num="9" count="0" type="stmt"/>
      <line num="11" count="0" type="cond" truecount="0" falsecount="9"/>
      <line num="12" count="0" type="stmt"/>
      <line num="13" count="0" type="stmt"/>
      <line num="29" count="0" type="stmt"/>
      <line num="30" count="0" type="stmt"/>
      <line num="34" count="0" type="stmt"/>
      <line num="35" count="0" type="stmt"/>
      <line num="39" count="0" type="stmt"/>
      <line num="47" count="2" type="cond" truecount="2" falsecount="0"/>
      <line num="48" count="1" type="stmt"/>
      <line num="49" count="1" type="stmt"/>
      <line num="50" count="1" type="stmt"/>
      <line num="51" count="1" type="stmt"/>
      <line num="52" count="1" type="stmt"/>
      <line num="53" count="1" type="stmt"/>
      <line num="54" count="1" type="stmt"/>
      <line num="55" count="1" type="stmt"/>
      <line num="56" count="1" type="stmt"/>
      <line num="57" count="1" type="stmt"/>
      <line num="60" count="1" type="stmt"/>
      <line num="61" count="1" type="cond" truecount="1" falsecount="1"/>
      <line num="62" count="1" type="stmt"/>
      <line num="80" count="0" type="stmt"/>
      <line num="90" count="0" type="stmt"/>
      <line num="100" count="0" type="stmt"/>
      <line num="109" count="0" type="stmt"/>
      <line num="119" count="0" type="stmt"/>
      <line num="128" count="0" type="stmt"/>
      <line num="137" count="0" type="stmt"/>
      <line num="146" count="0" type="stmt"/>
      <line num="155" count="0" type="stmt"/>
      <line num="174" count="0" type="stmt"/>
      <line num="205" count="0" type="stmt"/>
      <line num="215" count="0" type="stmt"/>
      <line num="225" count="0" type="stmt"/>
      <line num="234" count="0" type="stmt"/>
      <line num="244" count="0" type="stmt"/>
      <line num="253" count="0" type="stmt"/>
      <line num="262" count="0" type="stmt"/>
      <line num="271" count="0" type="stmt"/>
      <line num="280" count="0" type="stmt"/>
      <line num="298" count="0" type="stmt"/>
      <line num="319" count="1" type="stmt"/>
      <line num="327" count="1" type="stmt"/>
    </file>
    <file name="CreateProfile.js" path="D:\Documentos\ARCHIVOS\UVG\2022\Semestre 2\Ingeniera de Software 2\healthforms\my-project\components\CreateProfile.js">
      <metrics statements="36" coveredstatements="19" conditionals="10" coveredconditionals="3" methods="10" coveredmethods="2"/>
      <line num="9" count="2" type="stmt"/>
      <line num="10" count="2" type="cond" truecount="1" falsecount="1"/>
      <line num="12" count="2" type="stmt"/>
      <line num="13" count="2" type="stmt"/>
      <line num="15" count="0" type="stmt"/>
      <line num="23" count="2" type="stmt"/>
      <line num="24" count="0" type="stmt"/>
      <line num="25" count="0" type="stmt"/>
      <line num="26" count="0" type="stmt"/>
      <line num="27" count="0" type="stmt"/>
      <line num="28" count="0" type="stmt"/>
      <line num="31" count="2" type="cond" truecount="2" falsecount="0"/>
      <line num="34" count="1" type="stmt"/>
      <line num="35" count="1" type="stmt"/>
      <line num="36" count="1" type="stmt"/>
      <line num="37" count="1" type="stmt"/>
      <line num="39" count="1" type="stmt"/>
      <line num="40" count="1" type="stmt"/>
      <line num="43" count="1" type="stmt"/>
      <line num="45" count="1" type="stmt"/>
      <line num="46" count="1" type="stmt"/>
      <line num="47" count="1" type="stmt"/>
      <line num="53" count="1" type="stmt"/>
      <line num="67" count="0" type="stmt"/>
      <line num="91" count="0" type="stmt"/>
      <line num="115" count="0" type="stmt"/>
      <line num="133" count="0" type="cond" truecount="0" falsecount="2"/>
      <line num="135" count="0" type="cond" truecount="0" falsecount="2"/>
      <line num="136" count="0" type="cond" truecount="0" falsecount="2"/>
      <line num="137" count="0" type="stmt"/>
      <line num="141" count="0" type="stmt"/>
      <line num="145" count="0" type="stmt"/>
      <line num="151" count="0" type="stmt"/>
      <line num="160" count="0" type="stmt"/>
      <line num="170" count="1" type="stmt"/>
      <line num="178" count="2" type="stmt"/>
    </file>
    <file name="EditProfile.js" path="D:\Documentos\ARCHIVOS\UVG\2022\Semestre 2\Ingeniera de Software 2\healthforms\my-project\components\EditProfile.js">
      <metrics statements="26" coveredstatements="18" conditionals="10" coveredconditionals="4" methods="7" coveredmethods="1"/>
      <line num="20" count="2" type="cond" truecount="2" falsecount="0"/>
      <line num="21" count="1" type="stmt"/>
      <line num="23" count="1" type="cond" truecount="1" falsecount="1"/>
      <line num="26" count="1" type="cond" truecount="1" falsecount="1"/>
      <line num="28" count="1" type="stmt"/>
      <line num="29" count="1" type="stmt"/>
      <line num="30" count="1" type="stmt"/>
      <line num="31" count="1" type="stmt"/>
      <line num="33" count="1" type="stmt"/>
      <line num="34" count="1" type="stmt"/>
      <line num="36" count="1" type="stmt"/>
      <line num="38" count="1" type="stmt"/>
      <line num="39" count="1" type="stmt"/>
      <line num="40" count="1" type="stmt"/>
      <line num="41" count="1" type="stmt"/>
      <line num="43" count="1" type="stmt"/>
      <line num="71" count="0" type="stmt"/>
      <line num="78" count="0" type="stmt"/>
      <line num="94" count="0" type="stmt"/>
      <line num="122" count="0" type="stmt"/>
      <line num="144" count="0" type="cond" truecount="0" falsecount="2"/>
      <line num="148" count="0" type="stmt"/>
      <line num="151" count="0" type="stmt"/>
      <line num="167" count="0" type="stmt"/>
      <line num="176" count="1" type="stmt"/>
      <line num="184" count="1" type="stmt"/>
    </file>
    <file name="FormInfo.js" path="D:\Documentos\ARCHIVOS\UVG\2022\Semestre 2\Ingeniera de Software 2\healthforms\my-project\components\FormInfo.js">
      <metrics statements="25" coveredstatements="15" conditionals="24" coveredconditionals="12" methods="11" coveredmethods="1"/>
      <line num="6" count="2" type="cond" truecount="2" falsecount="0"/>
      <line num="7" count="1" type="stmt"/>
      <line num="8" count="1" type="stmt"/>
      <line num="9" count="1" type="stmt"/>
      <line num="10" count="1" type="stmt"/>
      <line num="11" count="1" type="stmt"/>
      <line num="12" count="1" type="stmt"/>
      <line num="13" count="1" type="stmt"/>
      <line num="14" count="1" type="cond" truecount="1" falsecount="1"/>
      <line num="15" count="1" type="cond" truecount="1" falsecount="1"/>
      <line num="17" count="1" type="stmt"/>
      <line num="18" count="1" type="stmt"/>
      <line num="20" count="1" type="stmt"/>
      <line num="37" count="0" type="stmt"/>
      <line num="47" count="0" type="stmt"/>
      <line num="56" count="0" type="stmt"/>
      <line num="65" count="0" type="stmt"/>
      <line num="74" count="0" type="stmt"/>
      <line num="84" count="0" type="stmt"/>
      <line num="93" count="0" type="stmt"/>
      <line num="102" count="0" type="stmt"/>
      <line num="116" count="0" type="cond" truecount="0" falsecount="2"/>
      <line num="120" count="0" type="stmt"/>
      <line num="136" count="1" type="stmt"/>
      <line num="144" count="2" type="stmt"/>
    </file>
    <file name="FormView.js" path="D:\Documentos\ARCHIVOS\UVG\2022\Semestre 2\Ingeniera de Software 2\healthforms\my-project\components\FormView.js">
      <metrics statements="11" coveredstatements="10" conditionals="2" coveredconditionals="2" methods="2" coveredmethods="1"/>
      <line num="7" count="1" type="stmt"/>
      <line num="9" count="1" type="stmt"/>
      <line num="10" count="2" type="cond" truecount="2" falsecount="0"/>
      <line num="11" count="1" type="stmt"/>
      <line num="12" count="1" type="stmt"/>
      <line num="13" count="1" type="stmt"/>
      <line num="14" count="1" type="stmt"/>
      <line num="15" count="1" type="stmt"/>
      <line num="16" count="0" type="stmt"/>
      <line num="30" count="1" type="stmt"/>
      <line num="38" count="1" type="stmt"/>
    </file>
    <file name="HistoryDetail.js" path="D:\Documentos\ARCHIVOS\UVG\2022\Semestre 2\Ingeniera de Software 2\healthforms\my-project\components\HistoryDetail.js">
      <metrics statements="3" coveredstatements="3" conditionals="3" coveredconditionals="2" methods="1" coveredmethods="1"/>
      <line num="5" count="9" type="cond" truecount="1" falsecount="1"/>
      <line num="6" count="9" type="stmt"/>
      <line num="36" count="2" type="stmt"/>
    </file>
    <file name="Home.js" path="D:\Documentos\ARCHIVOS\UVG\2022\Semestre 2\Ingeniera de Software 2\healthforms\my-project\components\Home.js">
      <metrics statements="23" coveredstatements="12" conditionals="8" coveredconditionals="5" methods="9" coveredmethods="2"/>
      <line num="14" count="2" type="cond" truecount="2" falsecount="0"/>
      <line num="15" count="1" type="stmt"/>
      <line num="16" count="1" type="stmt"/>
      <line num="17" count="1" type="stmt"/>
      <line num="18" count="1" type="cond" truecount="1" falsecount="1"/>
      <line num="19" count="1" type="stmt"/>
      <line num="20" count="1" type="stmt"/>
      <line num="22" count="1" type="stmt"/>
      <line num="24" count="1" type="stmt"/>
      <line num="25" count="0" type="stmt"/>
      <line num="26" count="0" type="stmt"/>
      <line num="27" count="0" type="stmt"/>
      <line num="28" count="0" type="stmt"/>
      <line num="38" count="0" type="stmt"/>
      <line num="42" count="0" type="stmt"/>
      <line num="50" count="1" type="stmt"/>
      <line num="56" count="0" type="stmt"/>
      <line num="66" count="0" type="stmt"/>
      <line num="96" count="0" type="stmt"/>
      <line num="100" count="0" type="stmt"/>
      <line num="104" count="0" type="stmt"/>
      <line num="113" count="1" type="stmt"/>
      <line num="121" count="2" type="stmt"/>
    </file>
    <file name="MedicalHistory.js" path="D:\Documentos\ARCHIVOS\UVG\2022\Semestre 2\Ingeniera de Software 2\healthforms\my-project\components\MedicalHistory.js">
      <metrics statements="2" coveredstatements="2" conditionals="0" coveredconditionals="0" methods="1" coveredmethods="1"/>
      <line num="7" count="1" type="stmt"/>
      <line num="27" count="1" type="stmt"/>
    </file>
    <file name="MedicalHistoryView.js" path="D:\Documentos\ARCHIVOS\UVG\2022\Semestre 2\Ingeniera de Software 2\healthforms\my-project\components\MedicalHistoryView.js">
      <metrics statements="9" coveredstatements="8" conditionals="2" coveredconditionals="2" methods="2" coveredmethods="1"/>
      <line num="6" count="3" type="stmt"/>
      <line num="8" count="3" type="cond" truecount="2" falsecount="0"/>
      <line num="9" count="1" type="stmt"/>
      <line num="11" count="1" type="stmt"/>
      <line num="12" count="1" type="stmt"/>
      <line num="13" count="1" type="stmt"/>
      <line num="14" count="0" type="stmt"/>
      <line num="27" count="2" type="stmt"/>
      <line num="36" count="3" type="stmt"/>
    </file>
    <file name="ShareForm.js" path="D:\Documentos\ARCHIVOS\UVG\2022\Semestre 2\Ingeniera de Software 2\healthforms\my-project\components\ShareForm.js">
      <metrics statements="13" coveredstatements="13" conditionals="4" coveredconditionals="4" methods="1" coveredmethods="1"/>
      <line num="7" count="2" type="cond" truecount="2" falsecount="0"/>
      <line num="8" count="1" type="stmt"/>
      <line num="9" count="1" type="stmt"/>
      <line num="10" count="1" type="stmt"/>
      <line num="11" count="1" type="stmt"/>
      <line num="13" count="1" type="stmt"/>
      <line num="14" count="171" type="cond" truecount="2" falsecount="0"/>
      <line num="15" count="121" type="stmt"/>
      <line num="16" count="121" type="stmt"/>
      <line num="18" count="50" type="stmt"/>
      <line num="20" count="1" type="stmt"/>
      <line num="33" count="1" type="stmt"/>
      <line num="41" count="1" type="stmt"/>
    </file>
    <file name="Terminos.js" path="D:\Documentos\ARCHIVOS\UVG\2022\Semestre 2\Ingeniera de Software 2\healthforms\my-project\components\Terminos.js">
      <metrics statements="2" coveredstatements="2" conditionals="0" coveredconditionals="0" methods="1" coveredmethods="1"/>
      <line num="7" count="1" type="stmt"/>
      <line num="40" count="1" type="stmt"/>
    </file>
    <file name="UserInfoView.js" path="D:\Documentos\ARCHIVOS\UVG\2022\Semestre 2\Ingeniera de Software 2\healthforms\my-project\components\UserInfoView.js">
      <metrics statements="13" coveredstatements="13" conditionals="6" coveredconditionals="4" methods="1" coveredmethods="1"/>
      <line num="7" count="2" type="cond" truecount="2" falsecount="0"/>
      <line num="9" count="1" type="stmt"/>
      <line num="10" count="1" type="stmt"/>
      <line num="11" count="1" type="stmt"/>
      <line num="12" count="1" type="stmt"/>
      <line num="13" count="1" type="stmt"/>
      <line num="14" count="1" type="stmt"/>
      <line num="15" count="1" type="stmt"/>
      <line num="16" count="1" type="cond" truecount="1" falsecount="1"/>
      <line num="17" count="1" type="cond" truecount="1" falsecount="1"/>
      <line num="21" count="1" type="stmt"/>
      <line num="83" count="1" type="stmt"/>
      <line num="91" count="1" type="stmt"/>
    </file>
    <file name="UserLogin.js" path="D:\Documentos\ARCHIVOS\UVG\2022\Semestre 2\Ingeniera de Software 2\healthforms\my-project\components\UserLogin.js">
      <metrics statements="37" coveredstatements="11" conditionals="8" coveredconditionals="5" methods="11" coveredmethods="1"/>
      <line num="12" count="2" type="cond" truecount="2" falsecount="0"/>
      <line num="13" count="1" type="stmt"/>
      <line num="14" count="1" type="stmt"/>
      <line num="15" count="1" type="stmt"/>
      <line num="16" count="1" type="stmt"/>
      <line num="17" count="1" type="stmt"/>
      <line num="19" count="1" type="stmt"/>
      <line num="20" count="0" type="stmt"/>
      <line num="21" count="0" type="stmt"/>
      <line num="23" count="0" type="stmt"/>
      <line num="24" count="0" type="stmt"/>
      <line num="25" count="0" type="stmt"/>
      <line num="26" count="0" type="stmt"/>
      <line num="27" count="0" type="stmt"/>
      <line num="28" count="0" type="stmt"/>
      <line num="29" count="0" type="stmt"/>
      <line num="31" count="0" type="stmt"/>
      <line num="32" count="0" type="stmt"/>
      <line num="38" count="1" type="stmt"/>
      <line num="40" count="0" type="stmt"/>
      <line num="42" count="0" type="stmt"/>
      <line num="49" count="0" type="stmt"/>
      <line num="51" count="0" type="stmt"/>
      <line num="52" count="0" type="cond" truecount="0" falsecount="2"/>
      <line num="53" count="0" type="stmt"/>
      <line num="54" count="0" type="stmt"/>
      <line num="58" count="0" type="stmt"/>
      <line num="64" count="0" type="stmt"/>
      <line num="66" count="0" type="stmt"/>
      <line num="69" count="0" type="stmt"/>
      <line num="70" count="0" type="stmt"/>
      <line num="77" count="1" type="stmt"/>
      <line num="92" count="0" type="stmt"/>
      <line num="109" count="0" type="stmt"/>
      <line num="138" count="0" type="stmt"/>
      <line num="148" count="1" type="stmt"/>
      <line num="156" count="1" type="stmt"/>
    </file>
    <file name="firebase.js" path="D:\Documentos\ARCHIVOS\UVG\2022\Semestre 2\Ingeniera de Software 2\healthforms\my-project\components\firebase.js">
      <metrics statements="5" coveredstatements="4" conditionals="2" coveredconditionals="1" methods="0" coveredmethods="0"/>
      <line num="8" count="4" type="stmt"/>
      <line num="17" count="4" type="cond" truecount="1" falsecount="1"/>
      <line num="18" count="4" type="stmt"/>
      <line num="20" count="0" type="stmt"/>
      <line num="23" count="4" type="stmt"/>
    </file>
    <file name="firebase2.js" path="D:\Documentos\ARCHIVOS\UVG\2022\Semestre 2\Ingeniera de Software 2\healthforms\my-project\components\firebase2.js">
      <metrics statements="2" coveredstatements="2" conditionals="0" coveredconditionals="0" methods="0" coveredmethods="0"/>
      <line num="4" count="2" type="stmt"/>
      <line num="15" count="2" type="stmt"/>
    </file>
  </project>
</coverage>
