{"D:\\Documentos\\ARCHIVOS\\UVG\\2022\\Semestre 2\\Ingeniera de Software 2\\healthforms\\my-project\\components\\AppIntroduction.js": {"path":"D:\\Documentos\\ARCHIVOS\\UVG\\2022\\Semestre 2\\Ingeniera de Software 2\\healthforms\\my-project\\components\\AppIntroduction.js","statementMap":{"0":{"start":{"line":7,"column":4},"end":{"line":57,"column":5}},"1":{"start":{"line":8,"column":8},"end":{"line":50,"column":10}},"2":{"start":{"line":41,"column":104},"end":{"line":41,"column":136}},"3":{"start":{"line":52,"column":8},"end":{"line":56,"column":10}},"4":{"start":{"line":59,"column":15},"end":{"line":136,"column":2}}},"fnMap":{"0":{"name":"AppIntroduction","decl":{"start":{"line":6,"column":24},"end":{"line":6,"column":39}},"loc":{"start":{"line":6,"column":53},"end":{"line":58,"column":1}},"line":6},"1":{"name":"(anonymous_1)","decl":{"start":{"line":41,"column":98},"end":{"line":41,"column":99}},"loc":{"start":{"line":41,"column":104},"end":{"line":41,"column":136}},"line":41}},"branchMap":{"0":{"loc":{"start":{"line":7,"column":4},"end":{"line":57,"column":5}},"type":"if","locations":[{"start":{"line":7,"column":4},"end":{"line":57,"column":5}},{"start":{"line":51,"column":9},"end":{"line":57,"column":5}}],"line":7}},"s":{"0":2,"1":1,"2":0,"3":1,"4":1},"f":{"0":2,"1":0},"b":{"0":[1,1]},"_coverageSchema":"1a1c01bbd47fc00a2c39e90264f33305004495a9","hash":"8f88b556518dcad8ea0754118746851cf419e307"}
,"D:\\Documentos\\ARCHIVOS\\UVG\\2022\\Semestre 2\\Ingeniera de Software 2\\healthforms\\my-project\\components\\Camara.js": {"path":"D:\\Documentos\\ARCHIVOS\\UVG\\2022\\Semestre 2\\Ingeniera de Software 2\\healthforms\\my-project\\components\\Camara.js","statementMap":{"0":{"start":{"line":8,"column":44},"end":{"line":8,"column":58}},"1":{"start":{"line":9,"column":32},"end":{"line":9,"column":47}},"2":{"start":{"line":10,"column":26},"end":{"line":10,"column":43}},"3":{"start":{"line":13,"column":23},"end":{"line":18,"column":3}},"4":{"start":{"line":14,"column":4},"end":{"line":17,"column":8}},"5":{"start":{"line":15,"column":23},"end":{"line":15,"column":69}},"6":{"start":{"line":16,"column":6},"end":{"line":16,"column":42}},"7":{"start":{"line":20,"column":2},"end":{"line":22,"column":9}},"8":{"start":{"line":21,"column":4},"end":{"line":21,"column":19}},"9":{"start":{"line":25,"column":24},"end":{"line":48,"column":3}},"10":{"start":{"line":26,"column":19},"end":{"line":26,"column":61}},"11":{"start":{"line":27,"column":20},"end":{"line":27,"column":22}},"12":{"start":{"line":28,"column":4},"end":{"line":33,"column":5}},"13":{"start":{"line":28,"column":17},"end":{"line":28,"column":18}},"14":{"start":{"line":29,"column":6},"end":{"line":32,"column":55}},"15":{"start":{"line":30,"column":18},"end":{"line":30,"column":63}},"16":{"start":{"line":31,"column":8},"end":{"line":31,"column":94}},"17":{"start":{"line":32,"column":13},"end":{"line":32,"column":54}},"18":{"start":{"line":35,"column":4},"end":{"line":35,"column":21}},"19":{"start":{"line":36,"column":23},"end":{"line":36,"column":44}},"20":{"start":{"line":37,"column":17},"end":{"line":37,"column":32}},"21":{"start":{"line":38,"column":21},"end":{"line":38,"column":40}},"22":{"start":{"line":39,"column":16},"end":{"line":39,"column":30}},"23":{"start":{"line":40,"column":21},"end":{"line":40,"column":40}},"24":{"start":{"line":41,"column":18},"end":{"line":41,"column":34}},"25":{"start":{"line":42,"column":19},"end":{"line":42,"column":36}},"26":{"start":{"line":43,"column":16},"end":{"line":43,"column":30}},"27":{"start":{"line":44,"column":21},"end":{"line":44,"column":40}},"28":{"start":{"line":45,"column":19},"end":{"line":45,"column":36}},"29":{"start":{"line":46,"column":26},"end":{"line":46,"column":50}},"30":{"start":{"line":47,"column":4},"end":{"line":47,"column":116}},"31":{"start":{"line":51,"column":2},"end":{"line":57,"column":3}},"32":{"start":{"line":52,"column":4},"end":{"line":56,"column":6}},"33":{"start":{"line":58,"column":2},"end":{"line":67,"column":3}},"34":{"start":{"line":59,"column":4},"end":{"line":66,"column":6}},"35":{"start":{"line":62,"column":67},"end":{"line":62,"column":81}},"36":{"start":{"line":68,"column":2},"end":{"line":83,"column":4}},"37":{"start":{"line":86,"column":15},"end":{"line":169,"column":2}}},"fnMap":{"0":{"name":"Camara","decl":{"start":{"line":7,"column":24},"end":{"line":7,"column":30}},"loc":{"start":{"line":7,"column":45},"end":{"line":84,"column":1}},"line":7},"1":{"name":"(anonymous_1)","decl":{"start":{"line":13,"column":23},"end":{"line":13,"column":24}},"loc":{"start":{"line":13,"column":29},"end":{"line":18,"column":3}},"line":13},"2":{"name":"(anonymous_2)","decl":{"start":{"line":14,"column":5},"end":{"line":14,"column":6}},"loc":{"start":{"line":14,"column":17},"end":{"line":17,"column":5}},"line":14},"3":{"name":"(anonymous_3)","decl":{"start":{"line":20,"column":12},"end":{"line":20,"column":13}},"loc":{"start":{"line":20,"column":18},"end":{"line":22,"column":3}},"line":20},"4":{"name":"(anonymous_4)","decl":{"start":{"line":25,"column":24},"end":{"line":25,"column":25}},"loc":{"start":{"line":25,"column":42},"end":{"line":48,"column":3}},"line":25},"5":{"name":"(anonymous_5)","decl":{"start":{"line":62,"column":62},"end":{"line":62,"column":63}},"loc":{"start":{"line":62,"column":66},"end":{"line":62,"column":82}},"line":62}},"branchMap":{"0":{"loc":{"start":{"line":29,"column":6},"end":{"line":32,"column":55}},"type":"if","locations":[{"start":{"line":29,"column":6},"end":{"line":32,"column":55}},{"start":{"line":32,"column":12},"end":{"line":32,"column":55}}],"line":29},"1":{"loc":{"start":{"line":51,"column":2},"end":{"line":57,"column":3}},"type":"if","locations":[{"start":{"line":51,"column":2},"end":{"line":57,"column":3}},{"start":{},"end":{}}],"line":51},"2":{"loc":{"start":{"line":58,"column":2},"end":{"line":67,"column":3}},"type":"if","locations":[{"start":{"line":58,"column":2},"end":{"line":67,"column":3}},{"start":{},"end":{}}],"line":58},"3":{"loc":{"start":{"line":72,"column":26},"end":{"line":72,"column":61}},"type":"cond-expr","locations":[{"start":{"line":72,"column":36},"end":{"line":72,"column":45}},{"start":{"line":72,"column":48},"end":{"line":72,"column":61}}],"line":72}},"s":{"0":1,"1":1,"2":1,"3":1,"4":0,"5":0,"6":0,"7":1,"8":0,"9":1,"10":0,"11":0,"12":0,"13":0,"14":0,"15":0,"16":0,"17":0,"18":0,"19":0,"20":0,"21":0,"22":0,"23":0,"24":0,"25":0,"26":0,"27":0,"28":0,"29":0,"30":0,"31":1,"32":1,"33":0,"34":0,"35":0,"36":0,"37":3},"f":{"0":1,"1":0,"2":0,"3":0,"4":0,"5":0},"b":{"0":[0,0],"1":[1,0],"2":[0,0],"3":[0,0]},"_coverageSchema":"1a1c01bbd47fc00a2c39e90264f33305004495a9","hash":"67cde3b6e7b133fad5a6346891b85422924c3fa3"}
,"D:\\Documentos\\ARCHIVOS\\UVG\\2022\\Semestre 2\\Ingeniera de Software 2\\healthforms\\my-project\\components\\CreateForm.js": {"path":"D:\\Documentos\\ARCHIVOS\\UVG\\2022\\Semestre 2\\Ingeniera de Software 2\\healthforms\\my-project\\components\\CreateForm.js","statementMap":{"0":{"start":{"line":9,"column":15},"end":{"line":9,"column":20}},"1":{"start":{"line":11,"column":4},"end":{"line":40,"column":5}},"2":{"start":{"line":12,"column":8},"end":{"line":36,"column":9}},"3":{"start":{"line":13,"column":12},"end":{"line":25,"column":6}},"4":{"start":{"line":29,"column":4},"end":{"line":29,"column":53}},"5":{"start":{"line":30,"column":4},"end":{"line":30,"column":24}},"6":{"start":{"line":34,"column":12},"end":{"line":34,"column":71}},"7":{"start":{"line":35,"column":12},"end":{"line":35,"column":31}},"8":{"start":{"line":39,"column":8},"end":{"line":39,"column":107}},"9":{"start":{"line":47,"column":4},"end":{"line":324,"column":5}},"10":{"start":{"line":48,"column":35},"end":{"line":48,"column":47}},"11":{"start":{"line":49,"column":35},"end":{"line":49,"column":47}},"12":{"start":{"line":50,"column":39},"end":{"line":50,"column":51}},"13":{"start":{"line":51,"column":31},"end":{"line":51,"column":43}},"14":{"start":{"line":52,"column":29},"end":{"line":52,"column":41}},"15":{"start":{"line":53,"column":33},"end":{"line":53,"column":45}},"16":{"start":{"line":54,"column":37},"end":{"line":54,"column":49}},"17":{"start":{"line":55,"column":45},"end":{"line":55,"column":57}},"18":{"start":{"line":56,"column":43},"end":{"line":56,"column":55}},"19":{"start":{"line":57,"column":42},"end":{"line":57,"column":54}},"20":{"start":{"line":60,"column":49},"end":{"line":60,"column":63}},"21":{"start":{"line":61,"column":22},"end":{"line":61,"column":59}},"22":{"start":{"line":62,"column":8},"end":{"line":317,"column":10}},"23":{"start":{"line":80,"column":58},"end":{"line":80,"column":73}},"24":{"start":{"line":90,"column":54},"end":{"line":90,"column":69}},"25":{"start":{"line":100,"column":58},"end":{"line":100,"column":75}},"26":{"start":{"line":109,"column":54},"end":{"line":109,"column":67}},"27":{"start":{"line":119,"column":54},"end":{"line":119,"column":66}},"28":{"start":{"line":128,"column":54},"end":{"line":128,"column":68}},"29":{"start":{"line":137,"column":58},"end":{"line":137,"column":74}},"30":{"start":{"line":146,"column":58},"end":{"line":146,"column":78}},"31":{"start":{"line":155,"column":58},"end":{"line":155,"column":77}},"32":{"start":{"line":174,"column":24},"end":{"line":174,"column":124}},"33":{"start":{"line":205,"column":58},"end":{"line":205,"column":73}},"34":{"start":{"line":215,"column":54},"end":{"line":215,"column":69}},"35":{"start":{"line":225,"column":58},"end":{"line":225,"column":75}},"36":{"start":{"line":234,"column":54},"end":{"line":234,"column":67}},"37":{"start":{"line":244,"column":54},"end":{"line":244,"column":66}},"38":{"start":{"line":253,"column":54},"end":{"line":253,"column":68}},"39":{"start":{"line":262,"column":58},"end":{"line":262,"column":74}},"40":{"start":{"line":271,"column":58},"end":{"line":271,"column":78}},"41":{"start":{"line":280,"column":58},"end":{"line":280,"column":77}},"42":{"start":{"line":298,"column":24},"end":{"line":298,"column":124}},"43":{"start":{"line":319,"column":8},"end":{"line":323,"column":10}},"44":{"start":{"line":327,"column":15},"end":{"line":430,"column":2}}},"fnMap":{"0":{"name":"saveFormInfo","decl":{"start":{"line":8,"column":9},"end":{"line":8,"column":21}},"loc":{"start":{"line":8,"column":106},"end":{"line":44,"column":1}},"line":8},"1":{"name":"CreateForm","decl":{"start":{"line":46,"column":24},"end":{"line":46,"column":34}},"loc":{"start":{"line":46,"column":57},"end":{"line":326,"column":1}},"line":46},"2":{"name":"(anonymous_2)","decl":{"start":{"line":80,"column":50},"end":{"line":80,"column":51}},"loc":{"start":{"line":80,"column":58},"end":{"line":80,"column":73}},"line":80},"3":{"name":"(anonymous_3)","decl":{"start":{"line":90,"column":46},"end":{"line":90,"column":47}},"loc":{"start":{"line":90,"column":54},"end":{"line":90,"column":69}},"line":90},"4":{"name":"(anonymous_4)","decl":{"start":{"line":100,"column":50},"end":{"line":100,"column":51}},"loc":{"start":{"line":100,"column":58},"end":{"line":100,"column":75}},"line":100},"5":{"name":"(anonymous_5)","decl":{"start":{"line":109,"column":46},"end":{"line":109,"column":47}},"loc":{"start":{"line":109,"column":54},"end":{"line":109,"column":67}},"line":109},"6":{"name":"(anonymous_6)","decl":{"start":{"line":119,"column":46},"end":{"line":119,"column":47}},"loc":{"start":{"line":119,"column":54},"end":{"line":119,"column":66}},"line":119},"7":{"name":"(anonymous_7)","decl":{"start":{"line":128,"column":46},"end":{"line":128,"column":47}},"loc":{"start":{"line":128,"column":54},"end":{"line":128,"column":68}},"line":128},"8":{"name":"(anonymous_8)","decl":{"start":{"line":137,"column":50},"end":{"line":137,"column":51}},"loc":{"start":{"line":137,"column":58},"end":{"line":137,"column":74}},"line":137},"9":{"name":"(anonymous_9)","decl":{"start":{"line":146,"column":50},"end":{"line":146,"column":51}},"loc":{"start":{"line":146,"column":58},"end":{"line":146,"column":78}},"line":146},"10":{"name":"(anonymous_10)","decl":{"start":{"line":155,"column":50},"end":{"line":155,"column":51}},"loc":{"start":{"line":155,"column":58},"end":{"line":155,"column":77}},"line":155},"11":{"name":"(anonymous_11)","decl":{"start":{"line":173,"column":74},"end":{"line":173,"column":75}},"loc":{"start":{"line":173,"column":78},"end":{"line":175,"column":21}},"line":173},"12":{"name":"(anonymous_12)","decl":{"start":{"line":205,"column":50},"end":{"line":205,"column":51}},"loc":{"start":{"line":205,"column":58},"end":{"line":205,"column":73}},"line":205},"13":{"name":"(anonymous_13)","decl":{"start":{"line":215,"column":46},"end":{"line":215,"column":47}},"loc":{"start":{"line":215,"column":54},"end":{"line":215,"column":69}},"line":215},"14":{"name":"(anonymous_14)","decl":{"start":{"line":225,"column":50},"end":{"line":225,"column":51}},"loc":{"start":{"line":225,"column":58},"end":{"line":225,"column":75}},"line":225},"15":{"name":"(anonymous_15)","decl":{"start":{"line":234,"column":46},"end":{"line":234,"column":47}},"loc":{"start":{"line":234,"column":54},"end":{"line":234,"column":67}},"line":234},"16":{"name":"(anonymous_16)","decl":{"start":{"line":244,"column":46},"end":{"line":244,"column":47}},"loc":{"start":{"line":244,"column":54},"end":{"line":244,"column":66}},"line":244},"17":{"name":"(anonymous_17)","decl":{"start":{"line":253,"column":46},"end":{"line":253,"column":47}},"loc":{"start":{"line":253,"column":54},"end":{"line":253,"column":68}},"line":253},"18":{"name":"(anonymous_18)","decl":{"start":{"line":262,"column":50},"end":{"line":262,"column":51}},"loc":{"start":{"line":262,"column":58},"end":{"line":262,"column":74}},"line":262},"19":{"name":"(anonymous_19)","decl":{"start":{"line":271,"column":50},"end":{"line":271,"column":51}},"loc":{"start":{"line":271,"column":58},"end":{"line":271,"column":78}},"line":271},"20":{"name":"(anonymous_20)","decl":{"start":{"line":280,"column":50},"end":{"line":280,"column":51}},"loc":{"start":{"line":280,"column":58},"end":{"line":280,"column":77}},"line":280},"21":{"name":"(anonymous_21)","decl":{"start":{"line":297,"column":74},"end":{"line":297,"column":75}},"loc":{"start":{"line":297,"column":78},"end":{"line":299,"column":21}},"line":297}},"branchMap":{"0":{"loc":{"start":{"line":11,"column":4},"end":{"line":40,"column":5}},"type":"if","locations":[{"start":{"line":11,"column":4},"end":{"line":40,"column":5}},{"start":{"line":38,"column":9},"end":{"line":40,"column":5}}],"line":11},"1":{"loc":{"start":{"line":11,"column":7},"end":{"line":11,"column":129}},"type":"binary-expr","locations":[{"start":{"line":11,"column":7},"end":{"line":11,"column":17}},{"start":{"line":11,"column":21},"end":{"line":11,"column":30}},{"start":{"line":11,"column":34},"end":{"line":11,"column":47}},{"start":{"line":11,"column":51},"end":{"line":11,"column":70}},{"start":{"line":11,"column":74},"end":{"line":11,"column":85}},{"start":{"line":11,"column":89},"end":{"line":11,"column":102}},{"start":{"line":11,"column":106},"end":{"line":11,"column":129}}],"line":11},"2":{"loc":{"start":{"line":47,"column":4},"end":{"line":324,"column":5}},"type":"if","locations":[{"start":{"line":47,"column":4},"end":{"line":324,"column":5}},{"start":{"line":318,"column":9},"end":{"line":324,"column":5}}],"line":47},"3":{"loc":{"start":{"line":61,"column":22},"end":{"line":61,"column":59}},"type":"cond-expr","locations":[{"start":{"line":61,"column":47},"end":{"line":61,"column":51}},{"start":{"line":61,"column":54},"end":{"line":61,"column":59}}],"line":61},"4":{"loc":{"start":{"line":64,"column":13},"end":{"line":188,"column":9}},"type":"binary-expr","locations":[{"start":{"line":64,"column":13},"end":{"line":64,"column":19}},{"start":{"line":65,"column":16},"end":{"line":187,"column":19}}],"line":64},"5":{"loc":{"start":{"line":66,"column":26},"end":{"line":66,"column":71}},"type":"cond-expr","locations":[{"start":{"line":66,"column":50},"end":{"line":66,"column":59}},{"start":{"line":66,"column":62},"end":{"line":66,"column":71}}],"line":66},"6":{"loc":{"start":{"line":77,"column":68},"end":{"line":77,"column":102}},"type":"cond-expr","locations":[{"start":{"line":77,"column":85},"end":{"line":77,"column":92}},{"start":{"line":77,"column":93},"end":{"line":77,"column":102}}],"line":77},"7":{"loc":{"start":{"line":87,"column":68},"end":{"line":87,"column":102}},"type":"cond-expr","locations":[{"start":{"line":87,"column":85},"end":{"line":87,"column":92}},{"start":{"line":87,"column":93},"end":{"line":87,"column":102}}],"line":87},"8":{"loc":{"start":{"line":97,"column":72},"end":{"line":97,"column":106}},"type":"cond-expr","locations":[{"start":{"line":97,"column":89},"end":{"line":97,"column":96}},{"start":{"line":97,"column":97},"end":{"line":97,"column":106}}],"line":97},"9":{"loc":{"start":{"line":106,"column":68},"end":{"line":106,"column":102}},"type":"cond-expr","locations":[{"start":{"line":106,"column":85},"end":{"line":106,"column":92}},{"start":{"line":106,"column":93},"end":{"line":106,"column":102}}],"line":106},"10":{"loc":{"start":{"line":116,"column":68},"end":{"line":116,"column":102}},"type":"cond-expr","locations":[{"start":{"line":116,"column":85},"end":{"line":116,"column":92}},{"start":{"line":116,"column":93},"end":{"line":116,"column":102}}],"line":116},"11":{"loc":{"start":{"line":125,"column":68},"end":{"line":125,"column":102}},"type":"cond-expr","locations":[{"start":{"line":125,"column":85},"end":{"line":125,"column":92}},{"start":{"line":125,"column":93},"end":{"line":125,"column":102}}],"line":125},"12":{"loc":{"start":{"line":134,"column":72},"end":{"line":134,"column":106}},"type":"cond-expr","locations":[{"start":{"line":134,"column":89},"end":{"line":134,"column":96}},{"start":{"line":134,"column":97},"end":{"line":134,"column":106}}],"line":134},"13":{"loc":{"start":{"line":143,"column":72},"end":{"line":143,"column":106}},"type":"cond-expr","locations":[{"start":{"line":143,"column":89},"end":{"line":143,"column":96}},{"start":{"line":143,"column":97},"end":{"line":143,"column":106}}],"line":143},"14":{"loc":{"start":{"line":152,"column":72},"end":{"line":152,"column":106}},"type":"cond-expr","locations":[{"start":{"line":152,"column":89},"end":{"line":152,"column":96}},{"start":{"line":152,"column":97},"end":{"line":152,"column":106}}],"line":152},"15":{"loc":{"start":{"line":190,"column":9},"end":{"line":312,"column":9}},"type":"binary-expr","locations":[{"start":{"line":190,"column":9},"end":{"line":190,"column":14}},{"start":{"line":191,"column":12},"end":{"line":311,"column":35}}],"line":190},"16":{"loc":{"start":{"line":192,"column":22},"end":{"line":192,"column":67}},"type":"cond-expr","locations":[{"start":{"line":192,"column":46},"end":{"line":192,"column":55}},{"start":{"line":192,"column":58},"end":{"line":192,"column":67}}],"line":192},"17":{"loc":{"start":{"line":202,"column":68},"end":{"line":202,"column":102}},"type":"cond-expr","locations":[{"start":{"line":202,"column":85},"end":{"line":202,"column":92}},{"start":{"line":202,"column":93},"end":{"line":202,"column":102}}],"line":202},"18":{"loc":{"start":{"line":212,"column":68},"end":{"line":212,"column":102}},"type":"cond-expr","locations":[{"start":{"line":212,"column":85},"end":{"line":212,"column":92}},{"start":{"line":212,"column":93},"end":{"line":212,"column":102}}],"line":212},"19":{"loc":{"start":{"line":222,"column":72},"end":{"line":222,"column":106}},"type":"cond-expr","locations":[{"start":{"line":222,"column":89},"end":{"line":222,"column":96}},{"start":{"line":222,"column":97},"end":{"line":222,"column":106}}],"line":222},"20":{"loc":{"start":{"line":231,"column":68},"end":{"line":231,"column":102}},"type":"cond-expr","locations":[{"start":{"line":231,"column":85},"end":{"line":231,"column":92}},{"start":{"line":231,"column":93},"end":{"line":231,"column":102}}],"line":231},"21":{"loc":{"start":{"line":241,"column":68},"end":{"line":241,"column":102}},"type":"cond-expr","locations":[{"start":{"line":241,"column":85},"end":{"line":241,"column":92}},{"start":{"line":241,"column":93},"end":{"line":241,"column":102}}],"line":241},"22":{"loc":{"start":{"line":250,"column":68},"end":{"line":250,"column":102}},"type":"cond-expr","locations":[{"start":{"line":250,"column":85},"end":{"line":250,"column":92}},{"start":{"line":250,"column":93},"end":{"line":250,"column":102}}],"line":250},"23":{"loc":{"start":{"line":259,"column":72},"end":{"line":259,"column":106}},"type":"cond-expr","locations":[{"start":{"line":259,"column":89},"end":{"line":259,"column":96}},{"start":{"line":259,"column":97},"end":{"line":259,"column":106}}],"line":259},"24":{"loc":{"start":{"line":268,"column":72},"end":{"line":268,"column":106}},"type":"cond-expr","locations":[{"start":{"line":268,"column":89},"end":{"line":268,"column":96}},{"start":{"line":268,"column":97},"end":{"line":268,"column":106}}],"line":268},"25":{"loc":{"start":{"line":277,"column":72},"end":{"line":277,"column":106}},"type":"cond-expr","locations":[{"start":{"line":277,"column":89},"end":{"line":277,"column":96}},{"start":{"line":277,"column":97},"end":{"line":277,"column":106}}],"line":277}},"s":{"0":0,"1":0,"2":0,"3":0,"4":0,"5":0,"6":0,"7":0,"8":0,"9":2,"10":1,"11":1,"12":1,"13":1,"14":1,"15":1,"16":1,"17":1,"18":1,"19":1,"20":1,"21":1,"22":1,"23":0,"24":0,"25":0,"26":0,"27":0,"28":0,"29":0,"30":0,"31":0,"32":0,"33":0,"34":0,"35":0,"36":0,"37":0,"38":0,"39":0,"40":0,"41":0,"42":0,"43":1,"44":1},"f":{"0":0,"1":2,"2":0,"3":0,"4":0,"5":0,"6":0,"7":0,"8":0,"9":0,"10":0,"11":0,"12":0,"13":0,"14":0,"15":0,"16":0,"17":0,"18":0,"19":0,"20":0,"21":0},"b":{"0":[0,0],"1":[0,0,0,0,0,0,0],"2":[1,1],"3":[1,0],"4":[1,0],"5":[0,0],"6":[0,0],"7":[0,0],"8":[0,0],"9":[0,0],"10":[0,0],"11":[0,0],"12":[0,0],"13":[0,0],"14":[0,0],"15":[1,1],"16":[1,0],"17":[1,0],"18":[1,0],"19":[1,0],"20":[1,0],"21":[1,0],"22":[1,0],"23":[1,0],"24":[1,0],"25":[1,0]},"_coverageSchema":"1a1c01bbd47fc00a2c39e90264f33305004495a9","hash":"4831fac579bb3b38ae88abc5802d436dadb653bb"}
,"D:\\Documentos\\ARCHIVOS\\UVG\\2022\\Semestre 2\\Ingeniera de Software 2\\healthforms\\my-project\\components\\CreateProfile.js": {"path":"D:\\Documentos\\ARCHIVOS\\UVG\\2022\\Semestre 2\\Ingeniera de Software 2\\healthforms\\my-project\\components\\CreateProfile.js","statementMap":{"0":{"start":{"line":9,"column":17},"end":{"line":17,"column":1}},"1":{"start":{"line":10,"column":4},"end":{"line":16,"column":5}},"2":{"start":{"line":12,"column":18},"end":{"line":12,"column":63}},"3":{"start":{"line":13,"column":8},"end":{"line":13,"column":31}},"4":{"start":{"line":15,"column":8},"end":{"line":15,"column":21}},"5":{"start":{"line":23,"column":25},"end":{"line":29,"column":5}},"6":{"start":{"line":24,"column":8},"end":{"line":28,"column":47}},"7":{"start":{"line":25,"column":25},"end":{"line":25,"column":45}},"8":{"start":{"line":26,"column":23},"end":{"line":26,"column":42}},"9":{"start":{"line":27,"column":12},"end":{"line":27,"column":52}},"10":{"start":{"line":28,"column":25},"end":{"line":28,"column":44}},"11":{"start":{"line":31,"column":4},"end":{"line":175,"column":5}},"12":{"start":{"line":34,"column":25},"end":{"line":34,"column":54}},"13":{"start":{"line":35,"column":35},"end":{"line":35,"column":62}},"14":{"start":{"line":36,"column":26},"end":{"line":36,"column":44}},"15":{"start":{"line":37,"column":41},"end":{"line":37,"column":74}},"16":{"start":{"line":39,"column":26},"end":{"line":39,"column":55}},"17":{"start":{"line":40,"column":36},"end":{"line":40,"column":64}},"18":{"start":{"line":43,"column":42},"end":{"line":43,"column":76}},"19":{"start":{"line":45,"column":40},"end":{"line":45,"column":52}},"20":{"start":{"line":46,"column":42},"end":{"line":46,"column":54}},"21":{"start":{"line":47,"column":32},"end":{"line":47,"column":44}},"22":{"start":{"line":53,"column":8},"end":{"line":168,"column":10}},"23":{"start":{"line":67,"column":42},"end":{"line":67,"column":55}},"24":{"start":{"line":91,"column":46},"end":{"line":91,"column":63}},"25":{"start":{"line":115,"column":46},"end":{"line":115,"column":64}},"26":{"start":{"line":133,"column":28},"end":{"line":152,"column":29}},"27":{"start":{"line":135,"column":32},"end":{"line":146,"column":33}},"28":{"start":{"line":136,"column":36},"end":{"line":142,"column":37}},"29":{"start":{"line":137,"column":40},"end":{"line":137,"column":55}},"30":{"start":{"line":141,"column":40},"end":{"line":141,"column":91}},"31":{"start":{"line":145,"column":36},"end":{"line":145,"column":103}},"32":{"start":{"line":151,"column":32},"end":{"line":151,"column":71}},"33":{"start":{"line":160,"column":44},"end":{"line":160,"column":77}},"34":{"start":{"line":170,"column":8},"end":{"line":174,"column":9}},"35":{"start":{"line":178,"column":15},"end":{"line":272,"column":2}}},"fnMap":{"0":{"name":"(anonymous_0)","decl":{"start":{"line":9,"column":17},"end":{"line":9,"column":18}},"loc":{"start":{"line":9,"column":28},"end":{"line":17,"column":1}},"line":9},"1":{"name":"CreateProfile","decl":{"start":{"line":19,"column":9},"end":{"line":19,"column":22}},"loc":{"start":{"line":19,"column":36},"end":{"line":176,"column":1}},"line":19},"2":{"name":"(anonymous_2)","decl":{"start":{"line":23,"column":25},"end":{"line":23,"column":26}},"loc":{"start":{"line":23,"column":31},"end":{"line":29,"column":5}},"line":23},"3":{"name":"(anonymous_3)","decl":{"start":{"line":24,"column":66},"end":{"line":24,"column":67}},"loc":{"start":{"line":24,"column":85},"end":{"line":28,"column":9}},"line":24},"4":{"name":"(anonymous_4)","decl":{"start":{"line":28,"column":17},"end":{"line":28,"column":18}},"loc":{"start":{"line":28,"column":24},"end":{"line":28,"column":45}},"line":28},"5":{"name":"(anonymous_5)","decl":{"start":{"line":67,"column":34},"end":{"line":67,"column":35}},"loc":{"start":{"line":67,"column":42},"end":{"line":67,"column":55}},"line":67},"6":{"name":"(anonymous_6)","decl":{"start":{"line":91,"column":38},"end":{"line":91,"column":39}},"loc":{"start":{"line":91,"column":46},"end":{"line":91,"column":63}},"line":91},"7":{"name":"(anonymous_7)","decl":{"start":{"line":115,"column":38},"end":{"line":115,"column":39}},"loc":{"start":{"line":115,"column":46},"end":{"line":115,"column":64}},"line":115},"8":{"name":"(anonymous_8)","decl":{"start":{"line":132,"column":78},"end":{"line":132,"column":79}},"loc":{"start":{"line":132,"column":82},"end":{"line":154,"column":29}},"line":132},"9":{"name":"(anonymous_9)","decl":{"start":{"line":159,"column":171},"end":{"line":159,"column":172}},"loc":{"start":{"line":159,"column":175},"end":{"line":161,"column":41}},"line":159}},"branchMap":{"0":{"loc":{"start":{"line":10,"column":4},"end":{"line":16,"column":5}},"type":"if","locations":[{"start":{"line":10,"column":4},"end":{"line":16,"column":5}},{"start":{"line":14,"column":9},"end":{"line":16,"column":5}}],"line":10},"1":{"loc":{"start":{"line":31,"column":4},"end":{"line":175,"column":5}},"type":"if","locations":[{"start":{"line":31,"column":4},"end":{"line":175,"column":5}},{"start":{"line":169,"column":9},"end":{"line":175,"column":5}}],"line":31},"2":{"loc":{"start":{"line":133,"column":28},"end":{"line":152,"column":29}},"type":"if","locations":[{"start":{"line":133,"column":28},"end":{"line":152,"column":29}},{"start":{"line":150,"column":33},"end":{"line":152,"column":29}}],"line":133},"3":{"loc":{"start":{"line":135,"column":32},"end":{"line":146,"column":33}},"type":"if","locations":[{"start":{"line":135,"column":32},"end":{"line":146,"column":33}},{"start":{"line":144,"column":37},"end":{"line":146,"column":33}}],"line":135},"4":{"loc":{"start":{"line":136,"column":36},"end":{"line":142,"column":37}},"type":"if","locations":[{"start":{"line":136,"column":36},"end":{"line":142,"column":37}},{"start":{"line":140,"column":41},"end":{"line":142,"column":37}}],"line":136}},"s":{"0":2,"1":2,"2":2,"3":2,"4":0,"5":2,"6":0,"7":0,"8":0,"9":0,"10":0,"11":2,"12":1,"13":1,"14":1,"15":1,"16":1,"17":1,"18":1,"19":1,"20":1,"21":1,"22":1,"23":0,"24":0,"25":0,"26":0,"27":0,"28":0,"29":0,"30":0,"31":0,"32":0,"33":0,"34":1,"35":2},"f":{"0":2,"1":2,"2":0,"3":0,"4":0,"5":0,"6":0,"7":0,"8":0,"9":0},"b":{"0":[2,0],"1":[1,1],"2":[0,0],"3":[0,0],"4":[0,0]},"_coverageSchema":"1a1c01bbd47fc00a2c39e90264f33305004495a9","hash":"d846022de6b5fe51b81bf83b858d666a7d5f6dbc"}
,"D:\\Documentos\\ARCHIVOS\\UVG\\2022\\Semestre 2\\Ingeniera de Software 2\\healthforms\\my-project\\components\\EditProfile.js": {"path":"D:\\Documentos\\ARCHIVOS\\UVG\\2022\\Semestre 2\\Ingeniera de Software 2\\healthforms\\my-project\\components\\EditProfile.js","statementMap":{"0":{"start":{"line":20,"column":2},"end":{"line":181,"column":3}},"1":{"start":{"line":21,"column":38},"end":{"line":21,"column":50}},"2":{"start":{"line":23,"column":22},"end":{"line":25,"column":49}},"3":{"start":{"line":26,"column":24},"end":{"line":26,"column":70}},"4":{"start":{"line":28,"column":21},"end":{"line":28,"column":50}},"5":{"start":{"line":29,"column":31},"end":{"line":29,"column":58}},"6":{"start":{"line":30,"column":22},"end":{"line":30,"column":40}},"7":{"start":{"line":31,"column":37},"end":{"line":31,"column":70}},"8":{"start":{"line":33,"column":22},"end":{"line":33,"column":51}},"9":{"start":{"line":34,"column":32},"end":{"line":34,"column":60}},"10":{"start":{"line":36,"column":38},"end":{"line":36,"column":72}},"11":{"start":{"line":38,"column":36},"end":{"line":38,"column":48}},"12":{"start":{"line":39,"column":38},"end":{"line":39,"column":50}},"13":{"start":{"line":40,"column":36},"end":{"line":40,"column":50}},"14":{"start":{"line":41,"column":28},"end":{"line":41,"column":39}},"15":{"start":{"line":43,"column":4},"end":{"line":174,"column":6}},"16":{"start":{"line":71,"column":36},"end":{"line":71,"column":53}},"17":{"start":{"line":78,"column":36},"end":{"line":78,"column":50}},"18":{"start":{"line":94,"column":38},"end":{"line":94,"column":55}},"19":{"start":{"line":122,"column":38},"end":{"line":122,"column":56}},"20":{"start":{"line":144,"column":14},"end":{"line":153,"column":15}},"21":{"start":{"line":148,"column":16},"end":{"line":148,"column":59}},"22":{"start":{"line":151,"column":16},"end":{"line":151,"column":56}},"23":{"start":{"line":167,"column":14},"end":{"line":167,"column":69}},"24":{"start":{"line":176,"column":4},"end":{"line":180,"column":5}},"25":{"start":{"line":184,"column":15},"end":{"line":299,"column":2}}},"fnMap":{"0":{"name":"EditProfile","decl":{"start":{"line":19,"column":24},"end":{"line":19,"column":35}},"loc":{"start":{"line":19,"column":59},"end":{"line":182,"column":1}},"line":19},"1":{"name":"(anonymous_1)","decl":{"start":{"line":71,"column":26},"end":{"line":71,"column":27}},"loc":{"start":{"line":71,"column":36},"end":{"line":71,"column":53}},"line":71},"2":{"name":"(anonymous_2)","decl":{"start":{"line":78,"column":26},"end":{"line":78,"column":27}},"loc":{"start":{"line":78,"column":36},"end":{"line":78,"column":50}},"line":78},"3":{"name":"(anonymous_3)","decl":{"start":{"line":94,"column":28},"end":{"line":94,"column":29}},"loc":{"start":{"line":94,"column":38},"end":{"line":94,"column":55}},"line":94},"4":{"name":"(anonymous_4)","decl":{"start":{"line":122,"column":28},"end":{"line":122,"column":29}},"loc":{"start":{"line":122,"column":38},"end":{"line":122,"column":56}},"line":122},"5":{"name":"(anonymous_5)","decl":{"start":{"line":143,"column":21},"end":{"line":143,"column":22}},"loc":{"start":{"line":143,"column":27},"end":{"line":154,"column":13}},"line":143},"6":{"name":"(anonymous_6)","decl":{"start":{"line":166,"column":21},"end":{"line":166,"column":22}},"loc":{"start":{"line":166,"column":27},"end":{"line":168,"column":13}},"line":166}},"branchMap":{"0":{"loc":{"start":{"line":20,"column":2},"end":{"line":181,"column":3}},"type":"if","locations":[{"start":{"line":20,"column":2},"end":{"line":181,"column":3}},{"start":{"line":175,"column":7},"end":{"line":181,"column":3}}],"line":20},"1":{"loc":{"start":{"line":23,"column":22},"end":{"line":25,"column":49}},"type":"cond-expr","locations":[{"start":{"line":24,"column":8},"end":{"line":24,"column":25}},{"start":{"line":25,"column":8},"end":{"line":25,"column":49}}],"line":23},"2":{"loc":{"start":{"line":26,"column":24},"end":{"line":26,"column":70}},"type":"cond-expr","locations":[{"start":{"line":26,"column":32},"end":{"line":26,"column":37}},{"start":{"line":26,"column":40},"end":{"line":26,"column":70}}],"line":26},"3":{"loc":{"start":{"line":144,"column":14},"end":{"line":153,"column":15}},"type":"if","locations":[{"start":{"line":144,"column":14},"end":{"line":153,"column":15}},{"start":{"line":150,"column":21},"end":{"line":153,"column":15}}],"line":144},"4":{"loc":{"start":{"line":145,"column":16},"end":{"line":146,"column":38}},"type":"binary-expr","locations":[{"start":{"line":145,"column":16},"end":{"line":145,"column":31}},{"start":{"line":146,"column":16},"end":{"line":146,"column":38}}],"line":145}},"s":{"0":2,"1":1,"2":1,"3":1,"4":1,"5":1,"6":1,"7":1,"8":1,"9":1,"10":1,"11":1,"12":1,"13":1,"14":1,"15":1,"16":0,"17":0,"18":0,"19":0,"20":0,"21":0,"22":0,"23":0,"24":1,"25":1},"f":{"0":2,"1":0,"2":0,"3":0,"4":0,"5":0,"6":0},"b":{"0":[1,1],"1":[1,0],"2":[1,0],"3":[0,0],"4":[0,0]},"_coverageSchema":"1a1c01bbd47fc00a2c39e90264f33305004495a9","hash":"53f17b70b39bc71a253297f39f5a2f1cf172fef0"}
,"D:\\Documentos\\ARCHIVOS\\UVG\\2022\\Semestre 2\\Ingeniera de Software 2\\healthforms\\my-project\\components\\FormInfo.js": {"path":"D:\\Documentos\\ARCHIVOS\\UVG\\2022\\Semestre 2\\Ingeniera de Software 2\\healthforms\\my-project\\components\\FormInfo.js","statementMap":{"0":{"start":{"line":6,"column":4},"end":{"line":141,"column":5}},"1":{"start":{"line":7,"column":92},"end":{"line":7,"column":104}},"2":{"start":{"line":8,"column":35},"end":{"line":8,"column":49}},"3":{"start":{"line":9,"column":39},"end":{"line":9,"column":57}},"4":{"start":{"line":10,"column":31},"end":{"line":10,"column":44}},"5":{"start":{"line":11,"column":29},"end":{"line":11,"column":47}},"6":{"start":{"line":12,"column":33},"end":{"line":12,"column":48}},"7":{"start":{"line":13,"column":37},"end":{"line":13,"column":53}},"8":{"start":{"line":14,"column":45},"end":{"line":14,"column":89}},"9":{"start":{"line":15,"column":43},"end":{"line":15,"column":99}},"10":{"start":{"line":17,"column":43},"end":{"line":17,"column":61}},"11":{"start":{"line":18,"column":49},"end":{"line":18,"column":63}},"12":{"start":{"line":20,"column":8},"end":{"line":133,"column":10}},"13":{"start":{"line":37,"column":58},"end":{"line":37,"column":73}},"14":{"start":{"line":47,"column":58},"end":{"line":47,"column":75}},"15":{"start":{"line":56,"column":58},"end":{"line":56,"column":71}},"16":{"start":{"line":65,"column":58},"end":{"line":65,"column":70}},"17":{"start":{"line":74,"column":58},"end":{"line":74,"column":72}},"18":{"start":{"line":84,"column":58},"end":{"line":84,"column":74}},"19":{"start":{"line":93,"column":58},"end":{"line":93,"column":78}},"20":{"start":{"line":102,"column":58},"end":{"line":102,"column":77}},"21":{"start":{"line":116,"column":101},"end":{"line":116,"column":134}},"22":{"start":{"line":116,"column":135},"end":{"line":116,"column":186}},"23":{"start":{"line":120,"column":79},"end":{"line":120,"column":188}},"24":{"start":{"line":136,"column":8},"end":{"line":140,"column":10}},"25":{"start":{"line":144,"column":15},"end":{"line":251,"column":2}}},"fnMap":{"0":{"name":"FormInfo","decl":{"start":{"line":5,"column":24},"end":{"line":5,"column":32}},"loc":{"start":{"line":5,"column":54},"end":{"line":143,"column":1}},"line":5},"1":{"name":"(anonymous_1)","decl":{"start":{"line":37,"column":50},"end":{"line":37,"column":51}},"loc":{"start":{"line":37,"column":58},"end":{"line":37,"column":73}},"line":37},"2":{"name":"(anonymous_2)","decl":{"start":{"line":47,"column":50},"end":{"line":47,"column":51}},"loc":{"start":{"line":47,"column":58},"end":{"line":47,"column":75}},"line":47},"3":{"name":"(anonymous_3)","decl":{"start":{"line":56,"column":50},"end":{"line":56,"column":51}},"loc":{"start":{"line":56,"column":58},"end":{"line":56,"column":71}},"line":56},"4":{"name":"(anonymous_4)","decl":{"start":{"line":65,"column":50},"end":{"line":65,"column":51}},"loc":{"start":{"line":65,"column":58},"end":{"line":65,"column":70}},"line":65},"5":{"name":"(anonymous_5)","decl":{"start":{"line":74,"column":50},"end":{"line":74,"column":51}},"loc":{"start":{"line":74,"column":58},"end":{"line":74,"column":72}},"line":74},"6":{"name":"(anonymous_6)","decl":{"start":{"line":84,"column":50},"end":{"line":84,"column":51}},"loc":{"start":{"line":84,"column":58},"end":{"line":84,"column":74}},"line":84},"7":{"name":"(anonymous_7)","decl":{"start":{"line":93,"column":50},"end":{"line":93,"column":51}},"loc":{"start":{"line":93,"column":58},"end":{"line":93,"column":78}},"line":93},"8":{"name":"(anonymous_8)","decl":{"start":{"line":102,"column":50},"end":{"line":102,"column":51}},"loc":{"start":{"line":102,"column":58},"end":{"line":102,"column":77}},"line":102},"9":{"name":"(anonymous_9)","decl":{"start":{"line":116,"column":94},"end":{"line":116,"column":95}},"loc":{"start":{"line":116,"column":100},"end":{"line":116,"column":187}},"line":116},"10":{"name":"(anonymous_10)","decl":{"start":{"line":120,"column":74},"end":{"line":120,"column":75}},"loc":{"start":{"line":120,"column":78},"end":{"line":120,"column":189}},"line":120}},"branchMap":{"0":{"loc":{"start":{"line":6,"column":4},"end":{"line":141,"column":5}},"type":"if","locations":[{"start":{"line":6,"column":4},"end":{"line":141,"column":5}},{"start":{"line":135,"column":8},"end":{"line":141,"column":5}}],"line":6},"1":{"loc":{"start":{"line":14,"column":54},"end":{"line":14,"column":88}},"type":"cond-expr","locations":[{"start":{"line":14,"column":66},"end":{"line":14,"column":84}},{"start":{"line":14,"column":85},"end":{"line":14,"column":88}}],"line":14},"2":{"loc":{"start":{"line":15,"column":52},"end":{"line":15,"column":98}},"type":"cond-expr","locations":[{"start":{"line":15,"column":69},"end":{"line":15,"column":89}},{"start":{"line":15,"column":90},"end":{"line":15,"column":98}}],"line":15},"3":{"loc":{"start":{"line":34,"column":72},"end":{"line":34,"column":107}},"type":"cond-expr","locations":[{"start":{"line":34,"column":90},"end":{"line":34,"column":97}},{"start":{"line":34,"column":98},"end":{"line":34,"column":107}}],"line":34},"4":{"loc":{"start":{"line":44,"column":72},"end":{"line":44,"column":107}},"type":"cond-expr","locations":[{"start":{"line":44,"column":90},"end":{"line":44,"column":97}},{"start":{"line":44,"column":98},"end":{"line":44,"column":107}}],"line":44},"5":{"loc":{"start":{"line":53,"column":72},"end":{"line":53,"column":107}},"type":"cond-expr","locations":[{"start":{"line":53,"column":90},"end":{"line":53,"column":97}},{"start":{"line":53,"column":98},"end":{"line":53,"column":107}}],"line":53},"6":{"loc":{"start":{"line":62,"column":72},"end":{"line":62,"column":107}},"type":"cond-expr","locations":[{"start":{"line":62,"column":90},"end":{"line":62,"column":97}},{"start":{"line":62,"column":98},"end":{"line":62,"column":107}}],"line":62},"7":{"loc":{"start":{"line":71,"column":72},"end":{"line":71,"column":107}},"type":"cond-expr","locations":[{"start":{"line":71,"column":90},"end":{"line":71,"column":97}},{"start":{"line":71,"column":98},"end":{"line":71,"column":107}}],"line":71},"8":{"loc":{"start":{"line":81,"column":72},"end":{"line":81,"column":107}},"type":"cond-expr","locations":[{"start":{"line":81,"column":90},"end":{"line":81,"column":97}},{"start":{"line":81,"column":98},"end":{"line":81,"column":107}}],"line":81},"9":{"loc":{"start":{"line":90,"column":72},"end":{"line":90,"column":107}},"type":"cond-expr","locations":[{"start":{"line":90,"column":90},"end":{"line":90,"column":97}},{"start":{"line":90,"column":98},"end":{"line":90,"column":107}}],"line":90},"10":{"loc":{"start":{"line":99,"column":72},"end":{"line":99,"column":107}},"type":"cond-expr","locations":[{"start":{"line":99,"column":90},"end":{"line":99,"column":97}},{"start":{"line":99,"column":98},"end":{"line":99,"column":107}}],"line":99},"11":{"loc":{"start":{"line":116,"column":149},"end":{"line":116,"column":184}},"type":"cond-expr","locations":[{"start":{"line":116,"column":166},"end":{"line":116,"column":174}},{"start":{"line":116,"column":175},"end":{"line":116,"column":184}}],"line":116}},"s":{"0":2,"1":1,"2":1,"3":1,"4":1,"5":1,"6":1,"7":1,"8":1,"9":1,"10":1,"11":1,"12":1,"13":0,"14":0,"15":0,"16":0,"17":0,"18":0,"19":0,"20":0,"21":0,"22":0,"23":0,"24":1,"25":2},"f":{"0":2,"1":0,"2":0,"3":0,"4":0,"5":0,"6":0,"7":0,"8":0,"9":0,"10":0},"b":{"0":[1,1],"1":[0,1],"2":[0,1],"3":[0,1],"4":[0,1],"5":[0,1],"6":[0,1],"7":[0,1],"8":[0,1],"9":[0,1],"10":[0,1],"11":[0,0]},"_coverageSchema":"1a1c01bbd47fc00a2c39e90264f33305004495a9","hash":"2718e9dee58453dda481ec61faed2d2503ea79c9"}
,"D:\\Documentos\\ARCHIVOS\\UVG\\2022\\Semestre 2\\Ingeniera de Software 2\\healthforms\\my-project\\components\\FormView.js": {"path":"D:\\Documentos\\ARCHIVOS\\UVG\\2022\\Semestre 2\\Ingeniera de Software 2\\healthforms\\my-project\\components\\FormView.js","statementMap":{"0":{"start":{"line":7,"column":14},"end":{"line":7,"column":54}},"1":{"start":{"line":9,"column":17},"end":{"line":36,"column":1}},"2":{"start":{"line":10,"column":4},"end":{"line":35,"column":5}},"3":{"start":{"line":11,"column":27},"end":{"line":11,"column":42}},"4":{"start":{"line":12,"column":71},"end":{"line":12,"column":81}},"5":{"start":{"line":13,"column":23},"end":{"line":13,"column":33}},"6":{"start":{"line":14,"column":30},"end":{"line":14,"column":40}},"7":{"start":{"line":15,"column":8},"end":{"line":28,"column":10}},"8":{"start":{"line":16,"column":93},"end":{"line":16,"column":200}},"9":{"start":{"line":30,"column":8},"end":{"line":34,"column":10}},"10":{"start":{"line":38,"column":15},"end":{"line":72,"column":2}}},"fnMap":{"0":{"name":"(anonymous_0)","decl":{"start":{"line":9,"column":17},"end":{"line":9,"column":18}},"loc":{"start":{"line":9,"column":27},"end":{"line":36,"column":1}},"line":9},"1":{"name":"(anonymous_1)","decl":{"start":{"line":16,"column":88},"end":{"line":16,"column":89}},"loc":{"start":{"line":16,"column":92},"end":{"line":16,"column":201}},"line":16}},"branchMap":{"0":{"loc":{"start":{"line":10,"column":4},"end":{"line":35,"column":5}},"type":"if","locations":[{"start":{"line":10,"column":4},"end":{"line":35,"column":5}},{"start":{"line":29,"column":9},"end":{"line":35,"column":5}}],"line":10}},"s":{"0":1,"1":1,"2":2,"3":1,"4":1,"5":1,"6":1,"7":1,"8":0,"9":1,"10":1},"f":{"0":2,"1":0},"b":{"0":[1,1]},"_coverageSchema":"1a1c01bbd47fc00a2c39e90264f33305004495a9","hash":"fe007024a39cc37b4c6b96868e9270a64e17dd72"}
,"D:\\Documentos\\ARCHIVOS\\UVG\\2022\\Semestre 2\\Ingeniera de Software 2\\healthforms\\my-project\\components\\HistoryDetail.js": {"path":"D:\\Documentos\\ARCHIVOS\\UVG\\2022\\Semestre 2\\Ingeniera de Software 2\\healthforms\\my-project\\components\\HistoryDetail.js","statementMap":{"0":{"start":{"line":5,"column":4},"end":{"line":5,"column":96}},"1":{"start":{"line":6,"column":4},"end":{"line":33,"column":5}},"2":{"start":{"line":36,"column":15},"end":{"line":58,"column":2}}},"fnMap":{"0":{"name":"HistoryDetail","decl":{"start":{"line":4,"column":24},"end":{"line":4,"column":37}},"loc":{"start":{"line":4,"column":119},"end":{"line":34,"column":1}},"line":4}},"branchMap":{"0":{"loc":{"start":{"line":4,"column":52},"end":{"line":4,"column":116}},"type":"default-arg","locations":[{"start":{"line":4,"column":64},"end":{"line":4,"column":116}}],"line":4},"1":{"loc":{"start":{"line":5,"column":18},"end":{"line":5,"column":95}},"type":"cond-expr","locations":[{"start":{"line":5,"column":46},"end":{"line":5,"column":81}},{"start":{"line":5,"column":84},"end":{"line":5,"column":95}}],"line":5}},"s":{"0":9,"1":9,"2":2},"f":{"0":9},"b":{"0":[9],"1":[9,0]},"_coverageSchema":"1a1c01bbd47fc00a2c39e90264f33305004495a9","hash":"e4a63dc6f0e363ddbe9bd61a23219d2502c80bcb"}
,"D:\\Documentos\\ARCHIVOS\\UVG\\2022\\Semestre 2\\Ingeniera de Software 2\\healthforms\\my-project\\components\\Home.js": {"path":"D:\\Documentos\\ARCHIVOS\\UVG\\2022\\Semestre 2\\Ingeniera de Software 2\\healthforms\\my-project\\components\\Home.js","statementMap":{"0":{"start":{"line":14,"column":2},"end":{"line":118,"column":3}},"1":{"start":{"line":15,"column":34},"end":{"line":15,"column":46}},"2":{"start":{"line":16,"column":22},"end":{"line":16,"column":63}},"3":{"start":{"line":17,"column":23},"end":{"line":17,"column":65}},"4":{"start":{"line":18,"column":24},"end":{"line":18,"column":69}},"5":{"start":{"line":19,"column":51},"end":{"line":19,"column":63}},"6":{"start":{"line":20,"column":31},"end":{"line":20,"column":45}},"7":{"start":{"line":22,"column":4},"end":{"line":44,"column":9}},"8":{"start":{"line":24,"column":6},"end":{"line":43,"column":8}},"9":{"start":{"line":25,"column":20},"end":{"line":25,"column":22}},"10":{"start":{"line":26,"column":8},"end":{"line":41,"column":10}},"11":{"start":{"line":27,"column":83},"end":{"line":27,"column":93}},"12":{"start":{"line":28,"column":23},"end":{"line":37,"column":11}},"13":{"start":{"line":38,"column":10},"end":{"line":40,"column":12}},"14":{"start":{"line":42,"column":8},"end":{"line":42,"column":35}},"15":{"start":{"line":50,"column":4},"end":{"line":111,"column":6}},"16":{"start":{"line":56,"column":14},"end":{"line":56,"column":32}},"17":{"start":{"line":66,"column":12},"end":{"line":66,"column":69}},"18":{"start":{"line":96,"column":68},"end":{"line":96,"column":97}},"19":{"start":{"line":100,"column":69},"end":{"line":100,"column":124}},"20":{"start":{"line":104,"column":87},"end":{"line":104,"column":118}},"21":{"start":{"line":113,"column":4},"end":{"line":117,"column":5}},"22":{"start":{"line":121,"column":15},"end":{"line":254,"column":2}}},"fnMap":{"0":{"name":"Home","decl":{"start":{"line":13,"column":24},"end":{"line":13,"column":28}},"loc":{"start":{"line":13,"column":49},"end":{"line":119,"column":1}},"line":13},"1":{"name":"(anonymous_1)","decl":{"start":{"line":22,"column":14},"end":{"line":22,"column":15}},"loc":{"start":{"line":22,"column":20},"end":{"line":44,"column":5}},"line":22},"2":{"name":"(anonymous_2)","decl":{"start":{"line":24,"column":47},"end":{"line":24,"column":48}},"loc":{"start":{"line":24,"column":64},"end":{"line":43,"column":7}},"line":24},"3":{"name":"(anonymous_3)","decl":{"start":{"line":26,"column":35},"end":{"line":26,"column":36}},"loc":{"start":{"line":26,"column":42},"end":{"line":41,"column":9}},"line":26},"4":{"name":"(anonymous_4)","decl":{"start":{"line":55,"column":93},"end":{"line":55,"column":94}},"loc":{"start":{"line":55,"column":98},"end":{"line":57,"column":13}},"line":55},"5":{"name":"(anonymous_5)","decl":{"start":{"line":65,"column":65},"end":{"line":65,"column":66}},"loc":{"start":{"line":65,"column":69},"end":{"line":70,"column":13}},"line":65},"6":{"name":"(anonymous_6)","decl":{"start":{"line":96,"column":63},"end":{"line":96,"column":64}},"loc":{"start":{"line":96,"column":67},"end":{"line":96,"column":98}},"line":96},"7":{"name":"(anonymous_7)","decl":{"start":{"line":100,"column":64},"end":{"line":100,"column":65}},"loc":{"start":{"line":100,"column":68},"end":{"line":100,"column":125}},"line":100},"8":{"name":"(anonymous_8)","decl":{"start":{"line":104,"column":82},"end":{"line":104,"column":83}},"loc":{"start":{"line":104,"column":86},"end":{"line":104,"column":119}},"line":104}},"branchMap":{"0":{"loc":{"start":{"line":14,"column":2},"end":{"line":118,"column":3}},"type":"if","locations":[{"start":{"line":14,"column":2},"end":{"line":118,"column":3}},{"start":{"line":112,"column":7},"end":{"line":118,"column":3}}],"line":14},"1":{"loc":{"start":{"line":18,"column":24},"end":{"line":18,"column":69}},"type":"cond-expr","locations":[{"start":{"line":18,"column":33},"end":{"line":18,"column":38}},{"start":{"line":18,"column":39},"end":{"line":18,"column":69}}],"line":18},"2":{"loc":{"start":{"line":58,"column":29},"end":{"line":58,"column":59}},"type":"cond-expr","locations":[{"start":{"line":58,"column":39},"end":{"line":58,"column":48}},{"start":{"line":58,"column":49},"end":{"line":58,"column":59}}],"line":58},"3":{"loc":{"start":{"line":127,"column":16},"end":{"line":127,"column":49}},"type":"cond-expr","locations":[{"start":{"line":127,"column":45},"end":{"line":127,"column":47}},{"start":{"line":127,"column":48},"end":{"line":127,"column":49}}],"line":127}},"s":{"0":2,"1":1,"2":1,"3":1,"4":1,"5":1,"6":1,"7":1,"8":1,"9":0,"10":0,"11":0,"12":0,"13":0,"14":0,"15":1,"16":0,"17":0,"18":0,"19":0,"20":0,"21":1,"22":2},"f":{"0":2,"1":1,"2":0,"3":0,"4":0,"5":0,"6":0,"7":0,"8":0},"b":{"0":[1,1],"1":[1,0],"2":[1,0],"3":[0,2]},"_coverageSchema":"1a1c01bbd47fc00a2c39e90264f33305004495a9","hash":"a147f8e9b58451c3a70b3225ce277df3c81a45e9"}
,"D:\\Documentos\\ARCHIVOS\\UVG\\2022\\Semestre 2\\Ingeniera de Software 2\\healthforms\\my-project\\components\\MedicalHistory.js": {"path":"D:\\Documentos\\ARCHIVOS\\UVG\\2022\\Semestre 2\\Ingeniera de Software 2\\healthforms\\my-project\\components\\MedicalHistory.js","statementMap":{"0":{"start":{"line":7,"column":4},"end":{"line":24,"column":5}},"1":{"start":{"line":27,"column":15},"end":{"line":40,"column":2}}},"fnMap":{"0":{"name":"MedicalHistory","decl":{"start":{"line":5,"column":24},"end":{"line":5,"column":38}},"loc":{"start":{"line":5,"column":40},"end":{"line":25,"column":1}},"line":5}},"branchMap":{},"s":{"0":1,"1":1},"f":{"0":1},"b":{},"_coverageSchema":"1a1c01bbd47fc00a2c39e90264f33305004495a9","hash":"1cbca29dddcd1a21e3d462aebeb2750b10c7a97f"}
,"D:\\Documentos\\ARCHIVOS\\UVG\\2022\\Semestre 2\\Ingeniera de Software 2\\healthforms\\my-project\\components\\MedicalHistoryView.js": {"path":"D:\\Documentos\\ARCHIVOS\\UVG\\2022\\Semestre 2\\Ingeniera de Software 2\\healthforms\\my-project\\components\\MedicalHistoryView.js","statementMap":{"0":{"start":{"line":6,"column":27},"end":{"line":33,"column":1}},"1":{"start":{"line":8,"column":4},"end":{"line":32,"column":5}},"2":{"start":{"line":9,"column":27},"end":{"line":9,"column":42}},"3":{"start":{"line":11,"column":23},"end":{"line":11,"column":33}},"4":{"start":{"line":12,"column":30},"end":{"line":12,"column":40}},"5":{"start":{"line":13,"column":8},"end":{"line":25,"column":10}},"6":{"start":{"line":14,"column":93},"end":{"line":14,"column":130}},"7":{"start":{"line":27,"column":8},"end":{"line":31,"column":10}},"8":{"start":{"line":36,"column":15},"end":{"line":70,"column":2}}},"fnMap":{"0":{"name":"(anonymous_0)","decl":{"start":{"line":6,"column":27},"end":{"line":6,"column":28}},"loc":{"start":{"line":6,"column":40},"end":{"line":33,"column":1}},"line":6},"1":{"name":"(anonymous_1)","decl":{"start":{"line":14,"column":88},"end":{"line":14,"column":89}},"loc":{"start":{"line":14,"column":92},"end":{"line":14,"column":131}},"line":14}},"branchMap":{"0":{"loc":{"start":{"line":8,"column":4},"end":{"line":32,"column":5}},"type":"if","locations":[{"start":{"line":8,"column":4},"end":{"line":32,"column":5}},{"start":{"line":26,"column":9},"end":{"line":32,"column":5}}],"line":8}},"s":{"0":3,"1":3,"2":1,"3":1,"4":1,"5":1,"6":0,"7":2,"8":3},"f":{"0":3,"1":0},"b":{"0":[1,2]},"_coverageSchema":"1a1c01bbd47fc00a2c39e90264f33305004495a9","hash":"cc8ad43bf418c8f7f6d8a324c648766d92360f34"}
,"D:\\Documentos\\ARCHIVOS\\UVG\\2022\\Semestre 2\\Ingeniera de Software 2\\healthforms\\my-project\\components\\ShareForm.js": {"path":"D:\\Documentos\\ARCHIVOS\\UVG\\2022\\Semestre 2\\Ingeniera de Software 2\\healthforms\\my-project\\components\\ShareForm.js","statementMap":{"0":{"start":{"line":7,"column":4},"end":{"line":38,"column":5}},"1":{"start":{"line":8,"column":92},"end":{"line":8,"column":104}},"2":{"start":{"line":9,"column":21},"end":{"line":9,"column":187}},"3":{"start":{"line":10,"column":23},"end":{"line":10,"column":65}},"4":{"start":{"line":11,"column":22},"end":{"line":11,"column":24}},"5":{"start":{"line":13,"column":8},"end":{"line":19,"column":9}},"6":{"start":{"line":13,"column":20},"end":{"line":13,"column":21}},"7":{"start":{"line":14,"column":12},"end":{"line":18,"column":53}},"8":{"start":{"line":15,"column":26},"end":{"line":15,"column":71}},"9":{"start":{"line":16,"column":16},"end":{"line":16,"column":100}},"10":{"start":{"line":18,"column":17},"end":{"line":18,"column":53}},"11":{"start":{"line":20,"column":8},"end":{"line":31,"column":10}},"12":{"start":{"line":33,"column":8},"end":{"line":37,"column":10}},"13":{"start":{"line":41,"column":15},"end":{"line":48,"column":2}}},"fnMap":{"0":{"name":"ShareForm","decl":{"start":{"line":6,"column":24},"end":{"line":6,"column":33}},"loc":{"start":{"line":6,"column":54},"end":{"line":39,"column":1}},"line":6}},"branchMap":{"0":{"loc":{"start":{"line":7,"column":4},"end":{"line":38,"column":5}},"type":"if","locations":[{"start":{"line":7,"column":4},"end":{"line":38,"column":5}},{"start":{"line":32,"column":9},"end":{"line":38,"column":5}}],"line":7},"1":{"loc":{"start":{"line":14,"column":12},"end":{"line":18,"column":53}},"type":"if","locations":[{"start":{"line":14,"column":12},"end":{"line":18,"column":53}},{"start":{"line":18,"column":17},"end":{"line":18,"column":53}}],"line":14}},"s":{"0":2,"1":1,"2":1,"3":1,"4":1,"5":1,"6":1,"7":171,"8":121,"9":121,"10":50,"11":1,"12":1,"13":1},"f":{"0":2},"b":{"0":[1,1],"1":[121,50]},"_coverageSchema":"1a1c01bbd47fc00a2c39e90264f33305004495a9","hash":"555788b0e7656d5f7b1c1dc7b423d8c3ca97c30b"}
,"D:\\Documentos\\ARCHIVOS\\UVG\\2022\\Semestre 2\\Ingeniera de Software 2\\healthforms\\my-project\\components\\Terminos.js": {"path":"D:\\Documentos\\ARCHIVOS\\UVG\\2022\\Semestre 2\\Ingeniera de Software 2\\healthforms\\my-project\\components\\Terminos.js","statementMap":{"0":{"start":{"line":7,"column":4},"end":{"line":37,"column":5}},"1":{"start":{"line":40,"column":15},"end":{"line":61,"column":2}}},"fnMap":{"0":{"name":"Terminos","decl":{"start":{"line":5,"column":24},"end":{"line":5,"column":32}},"loc":{"start":{"line":5,"column":46},"end":{"line":38,"column":1}},"line":5}},"branchMap":{},"s":{"0":1,"1":1},"f":{"0":1},"b":{},"_coverageSchema":"1a1c01bbd47fc00a2c39e90264f33305004495a9","hash":"50089c96ab96a127ff9722069558fc29e8b54a8e"}
,"D:\\Documentos\\ARCHIVOS\\UVG\\2022\\Semestre 2\\Ingeniera de Software 2\\healthforms\\my-project\\components\\UserInfoView.js": {"path":"D:\\Documentos\\ARCHIVOS\\UVG\\2022\\Semestre 2\\Ingeniera de Software 2\\healthforms\\my-project\\components\\UserInfoView.js","statementMap":{"0":{"start":{"line":7,"column":4},"end":{"line":88,"column":5}},"1":{"start":{"line":9,"column":92},"end":{"line":9,"column":104}},"2":{"start":{"line":10,"column":35},"end":{"line":10,"column":49}},"3":{"start":{"line":11,"column":39},"end":{"line":11,"column":57}},"4":{"start":{"line":12,"column":31},"end":{"line":12,"column":44}},"5":{"start":{"line":13,"column":29},"end":{"line":13,"column":47}},"6":{"start":{"line":14,"column":33},"end":{"line":14,"column":48}},"7":{"start":{"line":15,"column":37},"end":{"line":15,"column":53}},"8":{"start":{"line":16,"column":45},"end":{"line":16,"column":89}},"9":{"start":{"line":17,"column":43},"end":{"line":17,"column":99}},"10":{"start":{"line":21,"column":8},"end":{"line":81,"column":10}},"11":{"start":{"line":83,"column":8},"end":{"line":87,"column":10}},"12":{"start":{"line":91,"column":15},"end":{"line":196,"column":2}}},"fnMap":{"0":{"name":"UserInfoView","decl":{"start":{"line":5,"column":24},"end":{"line":5,"column":36}},"loc":{"start":{"line":5,"column":58},"end":{"line":90,"column":1}},"line":5}},"branchMap":{"0":{"loc":{"start":{"line":7,"column":4},"end":{"line":88,"column":5}},"type":"if","locations":[{"start":{"line":7,"column":4},"end":{"line":88,"column":5}},{"start":{"line":82,"column":9},"end":{"line":88,"column":5}}],"line":7},"1":{"loc":{"start":{"line":16,"column":54},"end":{"line":16,"column":88}},"type":"cond-expr","locations":[{"start":{"line":16,"column":66},"end":{"line":16,"column":84}},{"start":{"line":16,"column":85},"end":{"line":16,"column":88}}],"line":16},"2":{"loc":{"start":{"line":17,"column":52},"end":{"line":17,"column":98}},"type":"cond-expr","locations":[{"start":{"line":17,"column":69},"end":{"line":17,"column":89}},{"start":{"line":17,"column":90},"end":{"line":17,"column":98}}],"line":17}},"s":{"0":2,"1":1,"2":1,"3":1,"4":1,"5":1,"6":1,"7":1,"8":1,"9":1,"10":1,"11":1,"12":1},"f":{"0":2},"b":{"0":[1,1],"1":[0,1],"2":[0,1]},"_coverageSchema":"1a1c01bbd47fc00a2c39e90264f33305004495a9","hash":"b06f92b7a05f411810d0f27ac38ef92de64b474a"}
,"D:\\Documentos\\ARCHIVOS\\UVG\\2022\\Semestre 2\\Ingeniera de Software 2\\healthforms\\my-project\\components\\UserLogin.js": {"path":"D:\\Documentos\\ARCHIVOS\\UVG\\2022\\Semestre 2\\Ingeniera de Software 2\\healthforms\\my-project\\components\\UserLogin.js","statementMap":{"0":{"start":{"line":12,"column":4},"end":{"line":153,"column":5}},"1":{"start":{"line":13,"column":78},"end":{"line":13,"column":107}},"2":{"start":{"line":14,"column":40},"end":{"line":14,"column":52}},"3":{"start":{"line":15,"column":39},"end":{"line":15,"column":51}},"4":{"start":{"line":16,"column":55},"end":{"line":16,"column":70}},"5":{"start":{"line":17,"column":51},"end":{"line":17,"column":66}},"6":{"start":{"line":19,"column":28},"end":{"line":35,"column":9}},"7":{"start":{"line":20,"column":12},"end":{"line":20,"column":36}},"8":{"start":{"line":21,"column":12},"end":{"line":34,"column":15}},"9":{"start":{"line":23,"column":29},"end":{"line":23,"column":49}},"10":{"start":{"line":24,"column":27},"end":{"line":24,"column":49}},"11":{"start":{"line":25,"column":16},"end":{"line":25,"column":42}},"12":{"start":{"line":26,"column":16},"end":{"line":26,"column":68}},"13":{"start":{"line":27,"column":28},"end":{"line":27,"column":36}},"14":{"start":{"line":28,"column":16},"end":{"line":28,"column":41}},"15":{"start":{"line":29,"column":16},"end":{"line":29,"column":57}},"16":{"start":{"line":31,"column":16},"end":{"line":31,"column":41}},"17":{"start":{"line":32,"column":16},"end":{"line":32,"column":35}},"18":{"start":{"line":38,"column":34},"end":{"line":73,"column":9}},"19":{"start":{"line":40,"column":12},"end":{"line":40,"column":38}},"20":{"start":{"line":42,"column":27},"end":{"line":46,"column":13}},"21":{"start":{"line":49,"column":12},"end":{"line":71,"column":14}},"22":{"start":{"line":51,"column":36},"end":{"line":51,"column":42}},"23":{"start":{"line":52,"column":16},"end":{"line":65,"column":17}},"24":{"start":{"line":53,"column":50},"end":{"line":53,"column":54}},"25":{"start":{"line":54,"column":20},"end":{"line":61,"column":22}},"26":{"start":{"line":58,"column":24},"end":{"line":58,"column":75}},"27":{"start":{"line":64,"column":20},"end":{"line":64,"column":70}},"28":{"start":{"line":66,"column":16},"end":{"line":66,"column":43}},"29":{"start":{"line":69,"column":16},"end":{"line":69,"column":51}},"30":{"start":{"line":70,"column":16},"end":{"line":70,"column":43}},"31":{"start":{"line":77,"column":8},"end":{"line":146,"column":10}},"32":{"start":{"line":92,"column":42},"end":{"line":92,"column":59}},"33":{"start":{"line":109,"column":46},"end":{"line":109,"column":63}},"34":{"start":{"line":138,"column":24},"end":{"line":138,"column":61}},"35":{"start":{"line":148,"column":8},"end":{"line":152,"column":9}},"36":{"start":{"line":156,"column":15},"end":{"line":240,"column":2}}},"fnMap":{"0":{"name":"UserLogin","decl":{"start":{"line":11,"column":24},"end":{"line":11,"column":33}},"loc":{"start":{"line":11,"column":47},"end":{"line":154,"column":1}},"line":11},"1":{"name":"(anonymous_1)","decl":{"start":{"line":19,"column":28},"end":{"line":19,"column":29}},"loc":{"start":{"line":19,"column":34},"end":{"line":35,"column":9}},"line":19},"2":{"name":"(anonymous_2)","decl":{"start":{"line":22,"column":18},"end":{"line":22,"column":19}},"loc":{"start":{"line":22,"column":37},"end":{"line":30,"column":13}},"line":22},"3":{"name":"(anonymous_3)","decl":{"start":{"line":30,"column":21},"end":{"line":30,"column":22}},"loc":{"start":{"line":30,"column":28},"end":{"line":34,"column":13}},"line":30},"4":{"name":"(anonymous_4)","decl":{"start":{"line":38,"column":34},"end":{"line":38,"column":35}},"loc":{"start":{"line":38,"column":40},"end":{"line":73,"column":9}},"line":38},"5":{"name":"(anonymous_5)","decl":{"start":{"line":50,"column":18},"end":{"line":50,"column":19}},"loc":{"start":{"line":50,"column":30},"end":{"line":67,"column":13}},"line":50},"6":{"name":"(anonymous_6)","decl":{"start":{"line":54,"column":31},"end":{"line":54,"column":32}},"loc":{"start":{"line":54,"column":37},"end":{"line":59,"column":21}},"line":54},"7":{"name":"(anonymous_7)","decl":{"start":{"line":68,"column":19},"end":{"line":68,"column":20}},"loc":{"start":{"line":68,"column":30},"end":{"line":71,"column":13}},"line":68},"8":{"name":"(anonymous_8)","decl":{"start":{"line":92,"column":34},"end":{"line":92,"column":35}},"loc":{"start":{"line":92,"column":42},"end":{"line":92,"column":59}},"line":92},"9":{"name":"(anonymous_9)","decl":{"start":{"line":109,"column":38},"end":{"line":109,"column":39}},"loc":{"start":{"line":109,"column":46},"end":{"line":109,"column":63}},"line":109},"10":{"name":"(anonymous_10)","decl":{"start":{"line":137,"column":117},"end":{"line":137,"column":118}},"loc":{"start":{"line":137,"column":121},"end":{"line":139,"column":21}},"line":137}},"branchMap":{"0":{"loc":{"start":{"line":12,"column":4},"end":{"line":153,"column":5}},"type":"if","locations":[{"start":{"line":12,"column":4},"end":{"line":153,"column":5}},{"start":{"line":147,"column":9},"end":{"line":153,"column":5}}],"line":12},"1":{"loc":{"start":{"line":52,"column":16},"end":{"line":65,"column":17}},"type":"if","locations":[{"start":{"line":52,"column":16},"end":{"line":65,"column":17}},{"start":{"line":63,"column":21},"end":{"line":65,"column":17}}],"line":52},"2":{"loc":{"start":{"line":122,"column":21},"end":{"line":126,"column":25}},"type":"binary-expr","locations":[{"start":{"line":122,"column":21},"end":{"line":122,"column":36}},{"start":{"line":123,"column":28},"end":{"line":125,"column":47}}],"line":122},"3":{"loc":{"start":{"line":128,"column":25},"end":{"line":132,"column":25}},"type":"binary-expr","locations":[{"start":{"line":128,"column":25},"end":{"line":128,"column":39}},{"start":{"line":129,"column":28},"end":{"line":131,"column":47}}],"line":128}},"s":{"0":2,"1":1,"2":1,"3":1,"4":1,"5":1,"6":1,"7":0,"8":0,"9":0,"10":0,"11":0,"12":0,"13":0,"14":0,"15":0,"16":0,"17":0,"18":1,"19":0,"20":0,"21":0,"22":0,"23":0,"24":0,"25":0,"26":0,"27":0,"28":0,"29":0,"30":0,"31":1,"32":0,"33":0,"34":0,"35":1,"36":1},"f":{"0":2,"1":0,"2":0,"3":0,"4":0,"5":0,"6":0,"7":0,"8":0,"9":0,"10":0},"b":{"0":[1,1],"1":[0,0],"2":[1,1],"3":[1,0]},"_coverageSchema":"1a1c01bbd47fc00a2c39e90264f33305004495a9","hash":"7f123db20caa17acecb77d162ff7e782467cbc97"}
,"D:\\Documentos\\ARCHIVOS\\UVG\\2022\\Semestre 2\\Ingeniera de Software 2\\healthforms\\my-project\\components\\firebase.js": {"path":"D:\\Documentos\\ARCHIVOS\\UVG\\2022\\Semestre 2\\Ingeniera de Software 2\\healthforms\\my-project\\components\\firebase.js","statementMap":{"0":{"start":{"line":8,"column":23},"end":{"line":16,"column":1}},"1":{"start":{"line":17,"column":0},"end":{"line":21,"column":2}},"2":{"start":{"line":18,"column":4},"end":{"line":18,"column":43}},"3":{"start":{"line":20,"column":4},"end":{"line":20,"column":19}},"4":{"start":{"line":23,"column":13},"end":{"line":23,"column":28}}},"fnMap":{},"branchMap":{"0":{"loc":{"start":{"line":17,"column":0},"end":{"line":21,"column":2}},"type":"if","locations":[{"start":{"line":17,"column":0},"end":{"line":21,"column":2}},{"start":{"line":19,"column":7},"end":{"line":21,"column":2}}],"line":17}},"s":{"0":4,"1":4,"2":4,"3":0,"4":4},"f":{},"b":{"0":[4,0]},"_coverageSchema":"1a1c01bbd47fc00a2c39e90264f33305004495a9","hash":"4beb8acdd1a47ab8bc005b9ff8a04915d8d4484f"}
,"D:\\Documentos\\ARCHIVOS\\UVG\\2022\\Semestre 2\\Ingeniera de Software 2\\healthforms\\my-project\\components\\firebase2.js": {"path":"D:\\Documentos\\ARCHIVOS\\UVG\\2022\\Semestre 2\\Ingeniera de Software 2\\healthforms\\my-project\\components\\firebase2.js","statementMap":{"0":{"start":{"line":4,"column":23},"end":{"line":12,"column":1}},"1":{"start":{"line":15,"column":11},"end":{"line":15,"column":31}}},"fnMap":{},"branchMap":{},"s":{"0":2,"1":2},"f":{},"b":{},"_coverageSchema":"1a1c01bbd47fc00a2c39e90264f33305004495a9","hash":"400c9f64a6addb9e2100e89765b59bcf2a23f9c3"}
}
