{"D:\\Documentos\\ARCHIVOS\\UVG\\2022\\Semestre 2\\Ingeniera de Software 2\\healthforms\\my-project\\components\\AppIntroduction.js": {"path":"D:\\Documentos\\ARCHIVOS\\UVG\\2022\\Semestre 2\\Ingeniera de Software 2\\healthforms\\my-project\\components\\AppIntroduction.js","statementMap":{"0":{"start":{"line":7,"column":4},"end":{"line":57,"column":5}},"1":{"start":{"line":8,"column":8},"end":{"line":50,"column":10}},"2":{"start":{"line":41,"column":104},"end":{"line":41,"column":136}},"3":{"start":{"line":52,"column":8},"end":{"line":56,"column":10}},"4":{"start":{"line":59,"column":15},"end":{"line":136,"column":2}}},"fnMap":{"0":{"name":"AppIntroduction","decl":{"start":{"line":6,"column":24},"end":{"line":6,"column":39}},"loc":{"start":{"line":6,"column":53},"end":{"line":58,"column":1}},"line":6},"1":{"name":"(anonymous_1)","decl":{"start":{"line":41,"column":98},"end":{"line":41,"column":99}},"loc":{"start":{"line":41,"column":104},"end":{"line":41,"column":136}},"line":41}},"branchMap":{"0":{"loc":{"start":{"line":7,"column":4},"end":{"line":57,"column":5}},"type":"if","locations":[{"start":{"line":7,"column":4},"end":{"line":57,"column":5}},{"start":{"line":51,"column":9},"end":{"line":57,"column":5}}],"line":7}},"s":{"0":2,"1":1,"2":0,"3":1,"4":1},"f":{"0":2,"1":0},"b":{"0":[1,1]},"_coverageSchema":"1a1c01bbd47fc00a2c39e90264f33305004495a9","hash":"8f88b556518dcad8ea0754118746851cf419e307"}
,"D:\\Documentos\\ARCHIVOS\\UVG\\2022\\Semestre 2\\Ingeniera de Software 2\\healthforms\\my-project\\components\\Camara.js": {"path":"D:\\Documentos\\ARCHIVOS\\UVG\\2022\\Semestre 2\\Ingeniera de Software 2\\healthforms\\my-project\\components\\Camara.js","statementMap":{"0":{"start":{"line":8,"column":44},"end":{"line":8,"column":58}},"1":{"start":{"line":9,"column":32},"end":{"line":9,"column":47}},"2":{"start":{"line":10,"column":26},"end":{"line":10,"column":43}},"3":{"start":{"line":53,"column":2},"end":{"line":59,"column":3}},"4":{"start":{"line":54,"column":4},"end":{"line":58,"column":6}},"5":{"start":{"line":70,"column":2},"end":{"line":85,"column":4}},"6":{"start":{"line":88,"column":15},"end":{"line":171,"column":2}}},"fnMap":{"0":{"name":"Camara","decl":{"start":{"line":7,"column":24},"end":{"line":7,"column":30}},"loc":{"start":{"line":7,"column":45},"end":{"line":86,"column":1}},"line":7}},"branchMap":{"0":{"loc":{"start":{"line":53,"column":2},"end":{"line":59,"column":3}},"type":"if","locations":[{"start":{"line":53,"column":2},"end":{"line":59,"column":3}},{"start":{},"end":{}}],"line":53},"1":{"loc":{"start":{"line":74,"column":26},"end":{"line":74,"column":61}},"type":"cond-expr","locations":[{"start":{"line":74,"column":36},"end":{"line":74,"column":45}},{"start":{"line":74,"column":48},"end":{"line":74,"column":61}}],"line":74}},"s":{"0":1,"1":1,"2":1,"3":1,"4":1,"5":0,"6":3},"f":{"0":1},"b":{"0":[1,0],"1":[0,0]},"_coverageSchema":"1a1c01bbd47fc00a2c39e90264f33305004495a9","hash":"536b4cea1562ca379746aac5029006ba580bd30e"}
,"D:\\Documentos\\ARCHIVOS\\UVG\\2022\\Semestre 2\\Ingeniera de Software 2\\healthforms\\my-project\\components\\CreateForm.js": {"path":"D:\\Documentos\\ARCHIVOS\\UVG\\2022\\Semestre 2\\Ingeniera de Software 2\\healthforms\\my-project\\components\\CreateForm.js","statementMap":{"0":{"start":{"line":9,"column":15},"end":{"line":9,"column":20}},"1":{"start":{"line":11,"column":4},"end":{"line":40,"column":5}},"2":{"start":{"line":12,"column":8},"end":{"line":38,"column":9}},"3":{"start":{"line":13,"column":12},"end":{"line":28,"column":13}},"4":{"start":{"line":14,"column":16},"end":{"line":26,"column":18}},"5":{"start":{"line":31,"column":12},"end":{"line":31,"column":24}},"6":{"start":{"line":36,"column":12},"end":{"line":36,"column":25}},"7":{"start":{"line":46,"column":4},"end":{"line":185,"column":5}},"8":{"start":{"line":47,"column":35},"end":{"line":47,"column":47}},"9":{"start":{"line":48,"column":35},"end":{"line":48,"column":47}},"10":{"start":{"line":49,"column":39},"end":{"line":49,"column":51}},"11":{"start":{"line":50,"column":31},"end":{"line":50,"column":43}},"12":{"start":{"line":51,"column":29},"end":{"line":51,"column":41}},"13":{"start":{"line":52,"column":33},"end":{"line":52,"column":45}},"14":{"start":{"line":53,"column":37},"end":{"line":53,"column":49}},"15":{"start":{"line":54,"column":45},"end":{"line":54,"column":57}},"16":{"start":{"line":55,"column":43},"end":{"line":55,"column":55}},"17":{"start":{"line":56,"column":42},"end":{"line":56,"column":54}},"18":{"start":{"line":59,"column":49},"end":{"line":59,"column":63}},"19":{"start":{"line":60,"column":22},"end":{"line":60,"column":59}},"20":{"start":{"line":61,"column":8},"end":{"line":178,"column":10}},"21":{"start":{"line":180,"column":8},"end":{"line":184,"column":10}},"22":{"start":{"line":188,"column":15},"end":{"line":291,"column":2}}},"fnMap":{"0":{"name":"saveFormInfo","decl":{"start":{"line":8,"column":9},"end":{"line":8,"column":21}},"loc":{"start":{"line":8,"column":108},"end":{"line":44,"column":1}},"line":8},"1":{"name":"CreateForm","decl":{"start":{"line":45,"column":9},"end":{"line":45,"column":19}},"loc":{"start":{"line":45,"column":42},"end":{"line":187,"column":1}},"line":45}},"branchMap":{"0":{"loc":{"start":{"line":11,"column":4},"end":{"line":40,"column":5}},"type":"if","locations":[{"start":{"line":11,"column":4},"end":{"line":40,"column":5}},{"start":{},"end":{}}],"line":11},"1":{"loc":{"start":{"line":11,"column":7},"end":{"line":11,"column":129}},"type":"binary-expr","locations":[{"start":{"line":11,"column":7},"end":{"line":11,"column":17}},{"start":{"line":11,"column":21},"end":{"line":11,"column":30}},{"start":{"line":11,"column":34},"end":{"line":11,"column":47}},{"start":{"line":11,"column":51},"end":{"line":11,"column":70}},{"start":{"line":11,"column":74},"end":{"line":11,"column":85}},{"start":{"line":11,"column":89},"end":{"line":11,"column":102}},{"start":{"line":11,"column":106},"end":{"line":11,"column":129}}],"line":11},"2":{"loc":{"start":{"line":13,"column":12},"end":{"line":28,"column":13}},"type":"if","locations":[{"start":{"line":13,"column":12},"end":{"line":28,"column":13}},{"start":{},"end":{}}],"line":13},"3":{"loc":{"start":{"line":46,"column":4},"end":{"line":185,"column":5}},"type":"if","locations":[{"start":{"line":46,"column":4},"end":{"line":185,"column":5}},{"start":{"line":179,"column":9},"end":{"line":185,"column":5}}],"line":46},"4":{"loc":{"start":{"line":60,"column":22},"end":{"line":60,"column":59}},"type":"cond-expr","locations":[{"start":{"line":60,"column":47},"end":{"line":60,"column":51}},{"start":{"line":60,"column":54},"end":{"line":60,"column":59}}],"line":60},"5":{"loc":{"start":{"line":65,"column":22},"end":{"line":65,"column":67}},"type":"cond-expr","locations":[{"start":{"line":65,"column":46},"end":{"line":65,"column":55}},{"start":{"line":65,"column":58},"end":{"line":65,"column":67}}],"line":65},"6":{"loc":{"start":{"line":75,"column":68},"end":{"line":75,"column":102}},"type":"cond-expr","locations":[{"start":{"line":75,"column":85},"end":{"line":75,"column":92}},{"start":{"line":75,"column":93},"end":{"line":75,"column":102}}],"line":75},"7":{"loc":{"start":{"line":84,"column":68},"end":{"line":84,"column":102}},"type":"cond-expr","locations":[{"start":{"line":84,"column":85},"end":{"line":84,"column":92}},{"start":{"line":84,"column":93},"end":{"line":84,"column":102}}],"line":84},"8":{"loc":{"start":{"line":93,"column":72},"end":{"line":93,"column":106}},"type":"cond-expr","locations":[{"start":{"line":93,"column":89},"end":{"line":93,"column":96}},{"start":{"line":93,"column":97},"end":{"line":93,"column":106}}],"line":93},"9":{"loc":{"start":{"line":101,"column":68},"end":{"line":101,"column":102}},"type":"cond-expr","locations":[{"start":{"line":101,"column":85},"end":{"line":101,"column":92}},{"start":{"line":101,"column":93},"end":{"line":101,"column":102}}],"line":101},"10":{"loc":{"start":{"line":110,"column":68},"end":{"line":110,"column":102}},"type":"cond-expr","locations":[{"start":{"line":110,"column":85},"end":{"line":110,"column":92}},{"start":{"line":110,"column":93},"end":{"line":110,"column":102}}],"line":110},"11":{"loc":{"start":{"line":118,"column":68},"end":{"line":118,"column":102}},"type":"cond-expr","locations":[{"start":{"line":118,"column":85},"end":{"line":118,"column":92}},{"start":{"line":118,"column":93},"end":{"line":118,"column":102}}],"line":118},"12":{"loc":{"start":{"line":126,"column":72},"end":{"line":126,"column":106}},"type":"cond-expr","locations":[{"start":{"line":126,"column":89},"end":{"line":126,"column":96}},{"start":{"line":126,"column":97},"end":{"line":126,"column":106}}],"line":126},"13":{"loc":{"start":{"line":134,"column":72},"end":{"line":134,"column":106}},"type":"cond-expr","locations":[{"start":{"line":134,"column":89},"end":{"line":134,"column":96}},{"start":{"line":134,"column":97},"end":{"line":134,"column":106}}],"line":134},"14":{"loc":{"start":{"line":142,"column":72},"end":{"line":142,"column":106}},"type":"cond-expr","locations":[{"start":{"line":142,"column":89},"end":{"line":142,"column":96}},{"start":{"line":142,"column":97},"end":{"line":142,"column":106}}],"line":142}},"s":{"0":3,"1":3,"2":3,"3":3,"4":2,"5":1,"6":2,"7":2,"8":1,"9":1,"10":1,"11":1,"12":1,"13":1,"14":1,"15":1,"16":1,"17":1,"18":1,"19":1,"20":1,"21":1,"22":1},"f":{"0":3,"1":2},"b":{"0":[3,0],"1":[3,3,3,3,3,3,3],"2":[2,1],"3":[1,1],"4":[1,0],"5":[1,0],"6":[1,0],"7":[1,0],"8":[1,0],"9":[1,0],"10":[1,0],"11":[1,0],"12":[1,0],"13":[1,0],"14":[1,0]},"_coverageSchema":"1a1c01bbd47fc00a2c39e90264f33305004495a9","hash":"28d33ca763b28e7f7230795d2f42f7156b00098e"}
,"D:\\Documentos\\ARCHIVOS\\UVG\\2022\\Semestre 2\\Ingeniera de Software 2\\healthforms\\my-project\\components\\CreateProfile.js": {"path":"D:\\Documentos\\ARCHIVOS\\UVG\\2022\\Semestre 2\\Ingeniera de Software 2\\healthforms\\my-project\\components\\CreateProfile.js","statementMap":{"0":{"start":{"line":9,"column":17},"end":{"line":17,"column":1}},"1":{"start":{"line":10,"column":4},"end":{"line":16,"column":5}},"2":{"start":{"line":12,"column":18},"end":{"line":12,"column":63}},"3":{"start":{"line":13,"column":8},"end":{"line":13,"column":31}},"4":{"start":{"line":15,"column":8},"end":{"line":15,"column":21}},"5":{"start":{"line":27,"column":25},"end":{"line":27,"column":54}},"6":{"start":{"line":28,"column":35},"end":{"line":28,"column":62}},"7":{"start":{"line":29,"column":26},"end":{"line":29,"column":44}},"8":{"start":{"line":30,"column":41},"end":{"line":30,"column":74}},"9":{"start":{"line":32,"column":26},"end":{"line":32,"column":55}},"10":{"start":{"line":33,"column":36},"end":{"line":33,"column":64}},"11":{"start":{"line":36,"column":42},"end":{"line":36,"column":76}},"12":{"start":{"line":38,"column":40},"end":{"line":38,"column":52}},"13":{"start":{"line":39,"column":42},"end":{"line":39,"column":54}},"14":{"start":{"line":40,"column":32},"end":{"line":40,"column":44}},"15":{"start":{"line":46,"column":8},"end":{"line":134,"column":10}},"16":{"start":{"line":138,"column":15},"end":{"line":232,"column":2}}},"fnMap":{"0":{"name":"(anonymous_0)","decl":{"start":{"line":9,"column":17},"end":{"line":9,"column":18}},"loc":{"start":{"line":9,"column":28},"end":{"line":17,"column":1}},"line":9},"1":{"name":"CreateProfile","decl":{"start":{"line":19,"column":9},"end":{"line":19,"column":22}},"loc":{"start":{"line":19,"column":36},"end":{"line":136,"column":1}},"line":19}},"branchMap":{"0":{"loc":{"start":{"line":10,"column":4},"end":{"line":16,"column":5}},"type":"if","locations":[{"start":{"line":10,"column":4},"end":{"line":16,"column":5}},{"start":{"line":14,"column":9},"end":{"line":16,"column":5}}],"line":10}},"s":{"0":2,"1":3,"2":2,"3":2,"4":1,"5":2,"6":2,"7":2,"8":2,"9":2,"10":2,"11":2,"12":2,"13":2,"14":2,"15":2,"16":2},"f":{"0":3,"1":2},"b":{"0":[2,1]},"_coverageSchema":"1a1c01bbd47fc00a2c39e90264f33305004495a9","hash":"9c7b173be9dc5300ecbec5b0c9059b03a360ea4d"}
,"D:\\Documentos\\ARCHIVOS\\UVG\\2022\\Semestre 2\\Ingeniera de Software 2\\healthforms\\my-project\\components\\EditProfile.js": {"path":"D:\\Documentos\\ARCHIVOS\\UVG\\2022\\Semestre 2\\Ingeniera de Software 2\\healthforms\\my-project\\components\\EditProfile.js","statementMap":{"0":{"start":{"line":20,"column":2},"end":{"line":165,"column":3}},"1":{"start":{"line":21,"column":38},"end":{"line":21,"column":50}},"2":{"start":{"line":23,"column":22},"end":{"line":25,"column":49}},"3":{"start":{"line":26,"column":24},"end":{"line":26,"column":70}},"4":{"start":{"line":28,"column":21},"end":{"line":28,"column":50}},"5":{"start":{"line":29,"column":31},"end":{"line":29,"column":58}},"6":{"start":{"line":30,"column":22},"end":{"line":30,"column":40}},"7":{"start":{"line":31,"column":37},"end":{"line":31,"column":70}},"8":{"start":{"line":33,"column":22},"end":{"line":33,"column":51}},"9":{"start":{"line":34,"column":32},"end":{"line":34,"column":60}},"10":{"start":{"line":36,"column":38},"end":{"line":36,"column":72}},"11":{"start":{"line":38,"column":36},"end":{"line":38,"column":48}},"12":{"start":{"line":39,"column":38},"end":{"line":39,"column":50}},"13":{"start":{"line":40,"column":36},"end":{"line":40,"column":50}},"14":{"start":{"line":41,"column":28},"end":{"line":41,"column":39}},"15":{"start":{"line":43,"column":4},"end":{"line":158,"column":6}},"16":{"start":{"line":160,"column":4},"end":{"line":164,"column":5}},"17":{"start":{"line":168,"column":15},"end":{"line":283,"column":2}}},"fnMap":{"0":{"name":"EditProfile","decl":{"start":{"line":19,"column":24},"end":{"line":19,"column":35}},"loc":{"start":{"line":19,"column":59},"end":{"line":166,"column":1}},"line":19}},"branchMap":{"0":{"loc":{"start":{"line":20,"column":2},"end":{"line":165,"column":3}},"type":"if","locations":[{"start":{"line":20,"column":2},"end":{"line":165,"column":3}},{"start":{"line":159,"column":7},"end":{"line":165,"column":3}}],"line":20},"1":{"loc":{"start":{"line":23,"column":22},"end":{"line":25,"column":49}},"type":"cond-expr","locations":[{"start":{"line":24,"column":8},"end":{"line":24,"column":25}},{"start":{"line":25,"column":8},"end":{"line":25,"column":49}}],"line":23},"2":{"loc":{"start":{"line":26,"column":24},"end":{"line":26,"column":70}},"type":"cond-expr","locations":[{"start":{"line":26,"column":32},"end":{"line":26,"column":37}},{"start":{"line":26,"column":40},"end":{"line":26,"column":70}}],"line":26}},"s":{"0":2,"1":1,"2":1,"3":1,"4":1,"5":1,"6":1,"7":1,"8":1,"9":1,"10":1,"11":1,"12":1,"13":1,"14":1,"15":1,"16":1,"17":1},"f":{"0":2},"b":{"0":[1,1],"1":[1,0],"2":[1,0]},"_coverageSchema":"1a1c01bbd47fc00a2c39e90264f33305004495a9","hash":"de534a509ade853a044475f6a117227138f61eaf"}
,"D:\\Documentos\\ARCHIVOS\\UVG\\2022\\Semestre 2\\Ingeniera de Software 2\\healthforms\\my-project\\components\\FormInfo.js": {"path":"D:\\Documentos\\ARCHIVOS\\UVG\\2022\\Semestre 2\\Ingeniera de Software 2\\healthforms\\my-project\\components\\FormInfo.js","statementMap":{"0":{"start":{"line":6,"column":4},"end":{"line":133,"column":5}},"1":{"start":{"line":7,"column":92},"end":{"line":7,"column":104}},"2":{"start":{"line":8,"column":35},"end":{"line":8,"column":49}},"3":{"start":{"line":9,"column":39},"end":{"line":9,"column":57}},"4":{"start":{"line":10,"column":31},"end":{"line":10,"column":44}},"5":{"start":{"line":11,"column":29},"end":{"line":11,"column":47}},"6":{"start":{"line":12,"column":33},"end":{"line":12,"column":48}},"7":{"start":{"line":13,"column":37},"end":{"line":13,"column":53}},"8":{"start":{"line":14,"column":45},"end":{"line":14,"column":89}},"9":{"start":{"line":15,"column":43},"end":{"line":15,"column":99}},"10":{"start":{"line":17,"column":43},"end":{"line":17,"column":61}},"11":{"start":{"line":18,"column":49},"end":{"line":18,"column":63}},"12":{"start":{"line":20,"column":8},"end":{"line":125,"column":10}},"13":{"start":{"line":128,"column":8},"end":{"line":132,"column":10}},"14":{"start":{"line":136,"column":15},"end":{"line":243,"column":2}}},"fnMap":{"0":{"name":"FormInfo","decl":{"start":{"line":5,"column":24},"end":{"line":5,"column":32}},"loc":{"start":{"line":5,"column":54},"end":{"line":135,"column":1}},"line":5}},"branchMap":{"0":{"loc":{"start":{"line":6,"column":4},"end":{"line":133,"column":5}},"type":"if","locations":[{"start":{"line":6,"column":4},"end":{"line":133,"column":5}},{"start":{"line":127,"column":8},"end":{"line":133,"column":5}}],"line":6},"1":{"loc":{"start":{"line":14,"column":54},"end":{"line":14,"column":88}},"type":"cond-expr","locations":[{"start":{"line":14,"column":66},"end":{"line":14,"column":84}},{"start":{"line":14,"column":85},"end":{"line":14,"column":88}}],"line":14},"2":{"loc":{"start":{"line":15,"column":52},"end":{"line":15,"column":98}},"type":"cond-expr","locations":[{"start":{"line":15,"column":69},"end":{"line":15,"column":89}},{"start":{"line":15,"column":90},"end":{"line":15,"column":98}}],"line":15},"3":{"loc":{"start":{"line":34,"column":72},"end":{"line":34,"column":107}},"type":"cond-expr","locations":[{"start":{"line":34,"column":90},"end":{"line":34,"column":97}},{"start":{"line":34,"column":98},"end":{"line":34,"column":107}}],"line":34},"4":{"loc":{"start":{"line":43,"column":72},"end":{"line":43,"column":107}},"type":"cond-expr","locations":[{"start":{"line":43,"column":90},"end":{"line":43,"column":97}},{"start":{"line":43,"column":98},"end":{"line":43,"column":107}}],"line":43},"5":{"loc":{"start":{"line":51,"column":72},"end":{"line":51,"column":107}},"type":"cond-expr","locations":[{"start":{"line":51,"column":90},"end":{"line":51,"column":97}},{"start":{"line":51,"column":98},"end":{"line":51,"column":107}}],"line":51},"6":{"loc":{"start":{"line":59,"column":72},"end":{"line":59,"column":107}},"type":"cond-expr","locations":[{"start":{"line":59,"column":90},"end":{"line":59,"column":97}},{"start":{"line":59,"column":98},"end":{"line":59,"column":107}}],"line":59},"7":{"loc":{"start":{"line":67,"column":72},"end":{"line":67,"column":107}},"type":"cond-expr","locations":[{"start":{"line":67,"column":90},"end":{"line":67,"column":97}},{"start":{"line":67,"column":98},"end":{"line":67,"column":107}}],"line":67},"8":{"loc":{"start":{"line":76,"column":72},"end":{"line":76,"column":107}},"type":"cond-expr","locations":[{"start":{"line":76,"column":90},"end":{"line":76,"column":97}},{"start":{"line":76,"column":98},"end":{"line":76,"column":107}}],"line":76},"9":{"loc":{"start":{"line":84,"column":72},"end":{"line":84,"column":107}},"type":"cond-expr","locations":[{"start":{"line":84,"column":90},"end":{"line":84,"column":97}},{"start":{"line":84,"column":98},"end":{"line":84,"column":107}}],"line":84},"10":{"loc":{"start":{"line":92,"column":72},"end":{"line":92,"column":107}},"type":"cond-expr","locations":[{"start":{"line":92,"column":90},"end":{"line":92,"column":97}},{"start":{"line":92,"column":98},"end":{"line":92,"column":107}}],"line":92}},"s":{"0":2,"1":1,"2":1,"3":1,"4":1,"5":1,"6":1,"7":1,"8":1,"9":1,"10":1,"11":1,"12":1,"13":1,"14":2},"f":{"0":2},"b":{"0":[1,1],"1":[0,1],"2":[0,1],"3":[0,1],"4":[0,1],"5":[0,1],"6":[0,1],"7":[0,1],"8":[0,1],"9":[0,1],"10":[0,1]},"_coverageSchema":"1a1c01bbd47fc00a2c39e90264f33305004495a9","hash":"e0a723bc57c554cd411906eb3a45835aef0fdb02"}
,"D:\\Documentos\\ARCHIVOS\\UVG\\2022\\Semestre 2\\Ingeniera de Software 2\\healthforms\\my-project\\components\\FormView.js": {"path":"D:\\Documentos\\ARCHIVOS\\UVG\\2022\\Semestre 2\\Ingeniera de Software 2\\healthforms\\my-project\\components\\FormView.js","statementMap":{"0":{"start":{"line":7,"column":14},"end":{"line":7,"column":54}},"1":{"start":{"line":9,"column":17},"end":{"line":36,"column":1}},"2":{"start":{"line":10,"column":4},"end":{"line":35,"column":5}},"3":{"start":{"line":11,"column":27},"end":{"line":11,"column":42}},"4":{"start":{"line":12,"column":71},"end":{"line":12,"column":81}},"5":{"start":{"line":13,"column":23},"end":{"line":13,"column":33}},"6":{"start":{"line":14,"column":30},"end":{"line":14,"column":40}},"7":{"start":{"line":15,"column":8},"end":{"line":28,"column":10}},"8":{"start":{"line":16,"column":93},"end":{"line":16,"column":200}},"9":{"start":{"line":30,"column":8},"end":{"line":34,"column":10}},"10":{"start":{"line":38,"column":15},"end":{"line":72,"column":2}}},"fnMap":{"0":{"name":"(anonymous_0)","decl":{"start":{"line":9,"column":17},"end":{"line":9,"column":18}},"loc":{"start":{"line":9,"column":27},"end":{"line":36,"column":1}},"line":9},"1":{"name":"(anonymous_1)","decl":{"start":{"line":16,"column":88},"end":{"line":16,"column":89}},"loc":{"start":{"line":16,"column":92},"end":{"line":16,"column":201}},"line":16}},"branchMap":{"0":{"loc":{"start":{"line":10,"column":4},"end":{"line":35,"column":5}},"type":"if","locations":[{"start":{"line":10,"column":4},"end":{"line":35,"column":5}},{"start":{"line":29,"column":9},"end":{"line":35,"column":5}}],"line":10}},"s":{"0":1,"1":1,"2":2,"3":1,"4":1,"5":1,"6":1,"7":1,"8":0,"9":1,"10":1},"f":{"0":2,"1":0},"b":{"0":[1,1]},"_coverageSchema":"1a1c01bbd47fc00a2c39e90264f33305004495a9","hash":"fe007024a39cc37b4c6b96868e9270a64e17dd72"}
,"D:\\Documentos\\ARCHIVOS\\UVG\\2022\\Semestre 2\\Ingeniera de Software 2\\healthforms\\my-project\\components\\HistoryDetail.js": {"path":"D:\\Documentos\\ARCHIVOS\\UVG\\2022\\Semestre 2\\Ingeniera de Software 2\\healthforms\\my-project\\components\\HistoryDetail.js","statementMap":{"0":{"start":{"line":5,"column":4},"end":{"line":5,"column":96}},"1":{"start":{"line":6,"column":4},"end":{"line":33,"column":5}},"2":{"start":{"line":36,"column":15},"end":{"line":58,"column":2}}},"fnMap":{"0":{"name":"HistoryDetail","decl":{"start":{"line":4,"column":24},"end":{"line":4,"column":37}},"loc":{"start":{"line":4,"column":119},"end":{"line":34,"column":1}},"line":4}},"branchMap":{"0":{"loc":{"start":{"line":4,"column":52},"end":{"line":4,"column":116}},"type":"default-arg","locations":[{"start":{"line":4,"column":64},"end":{"line":4,"column":116}}],"line":4},"1":{"loc":{"start":{"line":5,"column":18},"end":{"line":5,"column":95}},"type":"cond-expr","locations":[{"start":{"line":5,"column":46},"end":{"line":5,"column":81}},{"start":{"line":5,"column":84},"end":{"line":5,"column":95}}],"line":5}},"s":{"0":9,"1":9,"2":2},"f":{"0":9},"b":{"0":[9],"1":[9,0]},"_coverageSchema":"1a1c01bbd47fc00a2c39e90264f33305004495a9","hash":"e4a63dc6f0e363ddbe9bd61a23219d2502c80bcb"}
,"D:\\Documentos\\ARCHIVOS\\UVG\\2022\\Semestre 2\\Ingeniera de Software 2\\healthforms\\my-project\\components\\Home.js": {"path":"D:\\Documentos\\ARCHIVOS\\UVG\\2022\\Semestre 2\\Ingeniera de Software 2\\healthforms\\my-project\\components\\Home.js","statementMap":{"0":{"start":{"line":14,"column":2},"end":{"line":111,"column":3}},"1":{"start":{"line":15,"column":34},"end":{"line":15,"column":46}},"2":{"start":{"line":16,"column":22},"end":{"line":16,"column":63}},"3":{"start":{"line":17,"column":23},"end":{"line":17,"column":65}},"4":{"start":{"line":18,"column":24},"end":{"line":18,"column":69}},"5":{"start":{"line":19,"column":51},"end":{"line":19,"column":63}},"6":{"start":{"line":20,"column":31},"end":{"line":20,"column":45}},"7":{"start":{"line":22,"column":4},"end":{"line":44,"column":9}},"8":{"start":{"line":50,"column":4},"end":{"line":104,"column":6}},"9":{"start":{"line":106,"column":4},"end":{"line":110,"column":5}},"10":{"start":{"line":114,"column":15},"end":{"line":247,"column":2}}},"fnMap":{"0":{"name":"Home","decl":{"start":{"line":13,"column":24},"end":{"line":13,"column":28}},"loc":{"start":{"line":13,"column":49},"end":{"line":112,"column":1}},"line":13},"1":{"name":"(anonymous_1)","decl":{"start":{"line":22,"column":14},"end":{"line":22,"column":15}},"loc":{"start":{"line":22,"column":20},"end":{"line":44,"column":5}},"line":22}},"branchMap":{"0":{"loc":{"start":{"line":14,"column":2},"end":{"line":111,"column":3}},"type":"if","locations":[{"start":{"line":14,"column":2},"end":{"line":111,"column":3}},{"start":{"line":105,"column":7},"end":{"line":111,"column":3}}],"line":14},"1":{"loc":{"start":{"line":18,"column":24},"end":{"line":18,"column":69}},"type":"cond-expr","locations":[{"start":{"line":18,"column":33},"end":{"line":18,"column":38}},{"start":{"line":18,"column":39},"end":{"line":18,"column":69}}],"line":18},"2":{"loc":{"start":{"line":56,"column":29},"end":{"line":56,"column":59}},"type":"cond-expr","locations":[{"start":{"line":56,"column":39},"end":{"line":56,"column":48}},{"start":{"line":56,"column":49},"end":{"line":56,"column":59}}],"line":56},"3":{"loc":{"start":{"line":120,"column":16},"end":{"line":120,"column":49}},"type":"cond-expr","locations":[{"start":{"line":120,"column":45},"end":{"line":120,"column":47}},{"start":{"line":120,"column":48},"end":{"line":120,"column":49}}],"line":120}},"s":{"0":2,"1":1,"2":1,"3":1,"4":1,"5":1,"6":1,"7":1,"8":1,"9":1,"10":2},"f":{"0":2,"1":1},"b":{"0":[1,1],"1":[1,0],"2":[1,0],"3":[0,2]},"_coverageSchema":"1a1c01bbd47fc00a2c39e90264f33305004495a9","hash":"fd73e57b6bf5371949bec2c700aa1d2259aa93e6"}
,"D:\\Documentos\\ARCHIVOS\\UVG\\2022\\Semestre 2\\Ingeniera de Software 2\\healthforms\\my-project\\components\\MedicalHistory.js": {"path":"D:\\Documentos\\ARCHIVOS\\UVG\\2022\\Semestre 2\\Ingeniera de Software 2\\healthforms\\my-project\\components\\MedicalHistory.js","statementMap":{"0":{"start":{"line":7,"column":4},"end":{"line":24,"column":5}},"1":{"start":{"line":27,"column":15},"end":{"line":40,"column":2}}},"fnMap":{"0":{"name":"MedicalHistory","decl":{"start":{"line":5,"column":24},"end":{"line":5,"column":38}},"loc":{"start":{"line":5,"column":40},"end":{"line":25,"column":1}},"line":5}},"branchMap":{},"s":{"0":1,"1":1},"f":{"0":1},"b":{},"_coverageSchema":"1a1c01bbd47fc00a2c39e90264f33305004495a9","hash":"1cbca29dddcd1a21e3d462aebeb2750b10c7a97f"}
,"D:\\Documentos\\ARCHIVOS\\UVG\\2022\\Semestre 2\\Ingeniera de Software 2\\healthforms\\my-project\\components\\MedicalHistoryView.js": {"path":"D:\\Documentos\\ARCHIVOS\\UVG\\2022\\Semestre 2\\Ingeniera de Software 2\\healthforms\\my-project\\components\\MedicalHistoryView.js","statementMap":{"0":{"start":{"line":6,"column":27},"end":{"line":33,"column":1}},"1":{"start":{"line":8,"column":4},"end":{"line":32,"column":5}},"2":{"start":{"line":9,"column":27},"end":{"line":9,"column":42}},"3":{"start":{"line":11,"column":23},"end":{"line":11,"column":33}},"4":{"start":{"line":12,"column":30},"end":{"line":12,"column":40}},"5":{"start":{"line":13,"column":8},"end":{"line":25,"column":10}},"6":{"start":{"line":14,"column":93},"end":{"line":14,"column":130}},"7":{"start":{"line":27,"column":8},"end":{"line":31,"column":10}},"8":{"start":{"line":36,"column":15},"end":{"line":70,"column":2}}},"fnMap":{"0":{"name":"(anonymous_0)","decl":{"start":{"line":6,"column":27},"end":{"line":6,"column":28}},"loc":{"start":{"line":6,"column":40},"end":{"line":33,"column":1}},"line":6},"1":{"name":"(anonymous_1)","decl":{"start":{"line":14,"column":88},"end":{"line":14,"column":89}},"loc":{"start":{"line":14,"column":92},"end":{"line":14,"column":131}},"line":14}},"branchMap":{"0":{"loc":{"start":{"line":8,"column":4},"end":{"line":32,"column":5}},"type":"if","locations":[{"start":{"line":8,"column":4},"end":{"line":32,"column":5}},{"start":{"line":26,"column":9},"end":{"line":32,"column":5}}],"line":8}},"s":{"0":3,"1":3,"2":1,"3":1,"4":1,"5":1,"6":0,"7":2,"8":3},"f":{"0":3,"1":0},"b":{"0":[1,2]},"_coverageSchema":"1a1c01bbd47fc00a2c39e90264f33305004495a9","hash":"cc8ad43bf418c8f7f6d8a324c648766d92360f34"}
,"D:\\Documentos\\ARCHIVOS\\UVG\\2022\\Semestre 2\\Ingeniera de Software 2\\healthforms\\my-project\\components\\ShareForm.js": {"path":"D:\\Documentos\\ARCHIVOS\\UVG\\2022\\Semestre 2\\Ingeniera de Software 2\\healthforms\\my-project\\components\\ShareForm.js","statementMap":{"0":{"start":{"line":7,"column":4},"end":{"line":38,"column":5}},"1":{"start":{"line":8,"column":92},"end":{"line":8,"column":104}},"2":{"start":{"line":9,"column":21},"end":{"line":9,"column":187}},"3":{"start":{"line":10,"column":23},"end":{"line":10,"column":65}},"4":{"start":{"line":11,"column":22},"end":{"line":11,"column":24}},"5":{"start":{"line":13,"column":8},"end":{"line":19,"column":9}},"6":{"start":{"line":13,"column":20},"end":{"line":13,"column":21}},"7":{"start":{"line":14,"column":12},"end":{"line":18,"column":53}},"8":{"start":{"line":15,"column":26},"end":{"line":15,"column":71}},"9":{"start":{"line":16,"column":16},"end":{"line":16,"column":100}},"10":{"start":{"line":18,"column":17},"end":{"line":18,"column":53}},"11":{"start":{"line":20,"column":8},"end":{"line":31,"column":10}},"12":{"start":{"line":33,"column":8},"end":{"line":37,"column":10}},"13":{"start":{"line":41,"column":15},"end":{"line":48,"column":2}}},"fnMap":{"0":{"name":"ShareForm","decl":{"start":{"line":6,"column":24},"end":{"line":6,"column":33}},"loc":{"start":{"line":6,"column":54},"end":{"line":39,"column":1}},"line":6}},"branchMap":{"0":{"loc":{"start":{"line":7,"column":4},"end":{"line":38,"column":5}},"type":"if","locations":[{"start":{"line":7,"column":4},"end":{"line":38,"column":5}},{"start":{"line":32,"column":9},"end":{"line":38,"column":5}}],"line":7},"1":{"loc":{"start":{"line":14,"column":12},"end":{"line":18,"column":53}},"type":"if","locations":[{"start":{"line":14,"column":12},"end":{"line":18,"column":53}},{"start":{"line":18,"column":17},"end":{"line":18,"column":53}}],"line":14}},"s":{"0":2,"1":1,"2":1,"3":1,"4":1,"5":1,"6":1,"7":171,"8":121,"9":121,"10":50,"11":1,"12":1,"13":1},"f":{"0":2},"b":{"0":[1,1],"1":[121,50]},"_coverageSchema":"1a1c01bbd47fc00a2c39e90264f33305004495a9","hash":"555788b0e7656d5f7b1c1dc7b423d8c3ca97c30b"}
,"D:\\Documentos\\ARCHIVOS\\UVG\\2022\\Semestre 2\\Ingeniera de Software 2\\healthforms\\my-project\\components\\Terminos.js": {"path":"D:\\Documentos\\ARCHIVOS\\UVG\\2022\\Semestre 2\\Ingeniera de Software 2\\healthforms\\my-project\\components\\Terminos.js","statementMap":{"0":{"start":{"line":7,"column":4},"end":{"line":37,"column":5}},"1":{"start":{"line":40,"column":15},"end":{"line":61,"column":2}}},"fnMap":{"0":{"name":"Terminos","decl":{"start":{"line":5,"column":24},"end":{"line":5,"column":32}},"loc":{"start":{"line":5,"column":46},"end":{"line":38,"column":1}},"line":5}},"branchMap":{},"s":{"0":1,"1":1},"f":{"0":1},"b":{},"_coverageSchema":"1a1c01bbd47fc00a2c39e90264f33305004495a9","hash":"50089c96ab96a127ff9722069558fc29e8b54a8e"}
,"D:\\Documentos\\ARCHIVOS\\UVG\\2022\\Semestre 2\\Ingeniera de Software 2\\healthforms\\my-project\\components\\UserInfoView.js": {"path":"D:\\Documentos\\ARCHIVOS\\UVG\\2022\\Semestre 2\\Ingeniera de Software 2\\healthforms\\my-project\\components\\UserInfoView.js","statementMap":{"0":{"start":{"line":7,"column":4},"end":{"line":88,"column":5}},"1":{"start":{"line":9,"column":92},"end":{"line":9,"column":104}},"2":{"start":{"line":10,"column":35},"end":{"line":10,"column":49}},"3":{"start":{"line":11,"column":39},"end":{"line":11,"column":57}},"4":{"start":{"line":12,"column":31},"end":{"line":12,"column":44}},"5":{"start":{"line":13,"column":29},"end":{"line":13,"column":47}},"6":{"start":{"line":14,"column":33},"end":{"line":14,"column":48}},"7":{"start":{"line":15,"column":37},"end":{"line":15,"column":53}},"8":{"start":{"line":16,"column":45},"end":{"line":16,"column":89}},"9":{"start":{"line":17,"column":43},"end":{"line":17,"column":99}},"10":{"start":{"line":21,"column":8},"end":{"line":81,"column":10}},"11":{"start":{"line":83,"column":8},"end":{"line":87,"column":10}},"12":{"start":{"line":91,"column":15},"end":{"line":196,"column":2}}},"fnMap":{"0":{"name":"UserInfoView","decl":{"start":{"line":5,"column":24},"end":{"line":5,"column":36}},"loc":{"start":{"line":5,"column":58},"end":{"line":90,"column":1}},"line":5}},"branchMap":{"0":{"loc":{"start":{"line":7,"column":4},"end":{"line":88,"column":5}},"type":"if","locations":[{"start":{"line":7,"column":4},"end":{"line":88,"column":5}},{"start":{"line":82,"column":9},"end":{"line":88,"column":5}}],"line":7},"1":{"loc":{"start":{"line":16,"column":54},"end":{"line":16,"column":88}},"type":"cond-expr","locations":[{"start":{"line":16,"column":66},"end":{"line":16,"column":84}},{"start":{"line":16,"column":85},"end":{"line":16,"column":88}}],"line":16},"2":{"loc":{"start":{"line":17,"column":52},"end":{"line":17,"column":98}},"type":"cond-expr","locations":[{"start":{"line":17,"column":69},"end":{"line":17,"column":89}},{"start":{"line":17,"column":90},"end":{"line":17,"column":98}}],"line":17}},"s":{"0":2,"1":1,"2":1,"3":1,"4":1,"5":1,"6":1,"7":1,"8":1,"9":1,"10":1,"11":1,"12":1},"f":{"0":2},"b":{"0":[1,1],"1":[0,1],"2":[0,1]},"_coverageSchema":"1a1c01bbd47fc00a2c39e90264f33305004495a9","hash":"b06f92b7a05f411810d0f27ac38ef92de64b474a"}
,"D:\\Documentos\\ARCHIVOS\\UVG\\2022\\Semestre 2\\Ingeniera de Software 2\\healthforms\\my-project\\components\\UserLogin.js": {"path":"D:\\Documentos\\ARCHIVOS\\UVG\\2022\\Semestre 2\\Ingeniera de Software 2\\healthforms\\my-project\\components\\UserLogin.js","statementMap":{"0":{"start":{"line":12,"column":4},"end":{"line":149,"column":5}},"1":{"start":{"line":13,"column":78},"end":{"line":13,"column":107}},"2":{"start":{"line":14,"column":40},"end":{"line":14,"column":52}},"3":{"start":{"line":15,"column":39},"end":{"line":15,"column":51}},"4":{"start":{"line":16,"column":55},"end":{"line":16,"column":70}},"5":{"start":{"line":17,"column":51},"end":{"line":17,"column":66}},"6":{"start":{"line":77,"column":8},"end":{"line":142,"column":10}},"7":{"start":{"line":144,"column":8},"end":{"line":148,"column":9}},"8":{"start":{"line":152,"column":15},"end":{"line":236,"column":2}}},"fnMap":{"0":{"name":"UserLogin","decl":{"start":{"line":11,"column":24},"end":{"line":11,"column":33}},"loc":{"start":{"line":11,"column":47},"end":{"line":150,"column":1}},"line":11}},"branchMap":{"0":{"loc":{"start":{"line":12,"column":4},"end":{"line":149,"column":5}},"type":"if","locations":[{"start":{"line":12,"column":4},"end":{"line":149,"column":5}},{"start":{"line":143,"column":9},"end":{"line":149,"column":5}}],"line":12},"1":{"loc":{"start":{"line":120,"column":21},"end":{"line":124,"column":25}},"type":"binary-expr","locations":[{"start":{"line":120,"column":21},"end":{"line":120,"column":36}},{"start":{"line":121,"column":28},"end":{"line":123,"column":47}}],"line":120},"2":{"loc":{"start":{"line":126,"column":25},"end":{"line":130,"column":25}},"type":"binary-expr","locations":[{"start":{"line":126,"column":25},"end":{"line":126,"column":39}},{"start":{"line":127,"column":28},"end":{"line":129,"column":47}}],"line":126}},"s":{"0":2,"1":1,"2":1,"3":1,"4":1,"5":1,"6":1,"7":1,"8":1},"f":{"0":2},"b":{"0":[1,1],"1":[1,1],"2":[1,0]},"_coverageSchema":"1a1c01bbd47fc00a2c39e90264f33305004495a9","hash":"d582856c8383b86148116a2d52ad52493f78919e"}
,"D:\\Documentos\\ARCHIVOS\\UVG\\2022\\Semestre 2\\Ingeniera de Software 2\\healthforms\\my-project\\components\\firebase.js": {"path":"D:\\Documentos\\ARCHIVOS\\UVG\\2022\\Semestre 2\\Ingeniera de Software 2\\healthforms\\my-project\\components\\firebase.js","statementMap":{"0":{"start":{"line":8,"column":23},"end":{"line":16,"column":1}},"1":{"start":{"line":17,"column":0},"end":{"line":21,"column":2}},"2":{"start":{"line":18,"column":4},"end":{"line":18,"column":43}},"3":{"start":{"line":20,"column":4},"end":{"line":20,"column":19}},"4":{"start":{"line":23,"column":13},"end":{"line":23,"column":28}}},"fnMap":{},"branchMap":{"0":{"loc":{"start":{"line":17,"column":0},"end":{"line":21,"column":2}},"type":"if","locations":[{"start":{"line":17,"column":0},"end":{"line":21,"column":2}},{"start":{"line":19,"column":7},"end":{"line":21,"column":2}}],"line":17}},"s":{"0":4,"1":4,"2":4,"3":0,"4":4},"f":{},"b":{"0":[4,0]},"_coverageSchema":"1a1c01bbd47fc00a2c39e90264f33305004495a9","hash":"4beb8acdd1a47ab8bc005b9ff8a04915d8d4484f"}
,"D:\\Documentos\\ARCHIVOS\\UVG\\2022\\Semestre 2\\Ingeniera de Software 2\\healthforms\\my-project\\components\\firebase2.js": {"path":"D:\\Documentos\\ARCHIVOS\\UVG\\2022\\Semestre 2\\Ingeniera de Software 2\\healthforms\\my-project\\components\\firebase2.js","statementMap":{"0":{"start":{"line":4,"column":23},"end":{"line":12,"column":1}},"1":{"start":{"line":15,"column":11},"end":{"line":15,"column":31}}},"fnMap":{},"branchMap":{},"s":{"0":2,"1":2},"f":{},"b":{},"_coverageSchema":"1a1c01bbd47fc00a2c39e90264f33305004495a9","hash":"400c9f64a6addb9e2100e89765b59bcf2a23f9c3"}
}
