TN:
SF:components\AppIntroduction.js
FN:6,AppIntroduction
FN:41,(anonymous_1)
FNF:2
FNH:1
FNDA:2,AppIntroduction
FNDA:0,(anonymous_1)
DA:7,2
DA:8,1
DA:41,0
DA:52,1
DA:59,1
LF:5
LH:4
BRDA:7,0,0,1
BRDA:7,0,1,1
BRF:2
BRH:2
end_of_record
TN:
SF:components\Camara.js
FN:7,Camara
FNF:1
FNH:1
FNDA:1,Camara
DA:8,1
DA:9,1
DA:10,1
DA:53,1
DA:54,1
DA:70,0
DA:88,3
LF:7
LH:6
BRDA:53,0,0,1
BRDA:53,0,1,0
BRDA:74,1,0,0
BRDA:74,1,1,0
BRF:4
BRH:1
end_of_record
TN:
SF:components\CreateForm.js
FN:8,saveFormInfo
FN:45,CreateForm
FNF:2
FNH:2
FNDA:3,saveFormInfo
FNDA:2,CreateForm
DA:9,3
DA:11,3
DA:12,3
DA:13,3
DA:14,2
DA:31,1
DA:36,2
DA:46,2
DA:47,1
DA:48,1
DA:49,1
DA:50,1
DA:51,1
DA:52,1
DA:53,1
DA:54,1
DA:55,1
DA:56,1
DA:59,1
DA:60,1
DA:61,1
DA:180,1
DA:188,1
LF:23
LH:23
BRDA:11,0,0,3
BRDA:11,0,1,0
BRDA:11,1,0,3
BRDA:11,1,1,3
BRDA:11,1,2,3
BRDA:11,1,3,3
BRDA:11,1,4,3
BRDA:11,1,5,3
BRDA:11,1,6,3
BRDA:13,2,0,2
BRDA:13,2,1,1
BRDA:46,3,0,1
BRDA:46,3,1,1
BRDA:60,4,0,1
BRDA:60,4,1,0
BRDA:65,5,0,1
BRDA:65,5,1,0
BRDA:75,6,0,1
BRDA:75,6,1,0
BRDA:84,7,0,1
BRDA:84,7,1,0
BRDA:93,8,0,1
BRDA:93,8,1,0
BRDA:101,9,0,1
BRDA:101,9,1,0
BRDA:110,10,0,1
BRDA:110,10,1,0
BRDA:118,11,0,1
BRDA:118,11,1,0
BRDA:126,12,0,1
BRDA:126,12,1,0
BRDA:134,13,0,1
BRDA:134,13,1,0
BRDA:142,14,0,1
BRDA:142,14,1,0
BRF:35
BRH:23
end_of_record
TN:
SF:components\CreateProfile.js
FN:9,(anonymous_0)
FN:19,CreateProfile
FNF:2
FNH:2
FNDA:3,(anonymous_0)
FNDA:2,CreateProfile
DA:9,2
DA:10,3
DA:12,2
DA:13,2
DA:15,1
DA:27,2
DA:28,2
DA:29,2
DA:30,2
DA:32,2
DA:33,2
DA:36,2
DA:38,2
DA:39,2
DA:40,2
DA:46,2
DA:138,2
LF:17
LH:17
BRDA:10,0,0,2
BRDA:10,0,1,1
BRF:2
BRH:2
end_of_record
TN:
SF:components\EditProfile.js
FN:19,EditProfile
FNF:1
FNH:1
FNDA:2,EditProfile
DA:20,2
DA:21,1
DA:23,1
DA:26,1
DA:28,1
DA:29,1
DA:30,1
DA:31,1
DA:33,1
DA:34,1
DA:36,1
DA:38,1
DA:39,1
DA:40,1
DA:41,1
DA:43,1
DA:160,1
DA:168,1
LF:18
LH:18
BRDA:20,0,0,1
BRDA:20,0,1,1
BRDA:23,1,0,1
BRDA:23,1,1,0
BRDA:26,2,0,1
BRDA:26,2,1,0
BRF:6
BRH:4
end_of_record
TN:
SF:components\FormInfo.js
FN:5,FormInfo
FNF:1
FNH:1
FNDA:2,FormInfo
DA:6,2
DA:7,1
DA:8,1
DA:9,1
DA:10,1
DA:11,1
DA:12,1
DA:13,1
DA:14,1
DA:15,1
DA:17,1
DA:18,1
DA:20,1
DA:128,1
DA:136,2
LF:15
LH:15
BRDA:6,0,0,1
BRDA:6,0,1,1
BRDA:14,1,0,0
BRDA:14,1,1,1
BRDA:15,2,0,0
BRDA:15,2,1,1
BRDA:34,3,0,0
BRDA:34,3,1,1
BRDA:43,4,0,0
BRDA:43,4,1,1
BRDA:51,5,0,0
BRDA:51,5,1,1
BRDA:59,6,0,0
BRDA:59,6,1,1
BRDA:67,7,0,0
BRDA:67,7,1,1
BRDA:76,8,0,0
BRDA:76,8,1,1
BRDA:84,9,0,0
BRDA:84,9,1,1
BRDA:92,10,0,0
BRDA:92,10,1,1
BRF:22
BRH:12
end_of_record
TN:
SF:components\FormView.js
FN:9,(anonymous_0)
FN:16,(anonymous_1)
FNF:2
FNH:1
FNDA:2,(anonymous_0)
FNDA:0,(anonymous_1)
DA:7,1
DA:9,1
DA:10,2
DA:11,1
DA:12,1
DA:13,1
DA:14,1
DA:15,1
DA:16,0
DA:30,1
DA:38,1
LF:11
LH:10
BRDA:10,0,0,1
BRDA:10,0,1,1
BRF:2
BRH:2
end_of_record
TN:
SF:components\HistoryDetail.js
FN:4,HistoryDetail
FNF:1
FNH:1
FNDA:9,HistoryDetail
DA:5,9
DA:6,9
DA:36,2
LF:3
LH:3
BRDA:4,0,0,9
BRDA:5,1,0,9
BRDA:5,1,1,0
BRF:3
BRH:2
end_of_record
TN:
SF:components\Home.js
FN:13,Home
FN:22,(anonymous_1)
FNF:2
FNH:2
FNDA:2,Home
FNDA:1,(anonymous_1)
DA:14,2
DA:15,1
DA:16,1
DA:17,1
DA:18,1
DA:19,1
DA:20,1
DA:22,1
DA:50,1
DA:106,1
DA:114,2
LF:11
LH:11
BRDA:14,0,0,1
BRDA:14,0,1,1
BRDA:18,1,0,1
BRDA:18,1,1,0
BRDA:56,2,0,1
BRDA:56,2,1,0
BRDA:120,3,0,0
BRDA:120,3,1,2
BRF:8
BRH:5
end_of_record
TN:
SF:components\MedicalHistory.js
FN:5,MedicalHistory
FNF:1
FNH:1
FNDA:1,MedicalHistory
DA:7,1
DA:27,1
LF:2
LH:2
BRF:0
BRH:0
end_of_record
TN:
SF:components\MedicalHistoryView.js
FN:6,(anonymous_0)
FN:14,(anonymous_1)
FNF:2
FNH:1
FNDA:3,(anonymous_0)
FNDA:0,(anonymous_1)
DA:6,3
DA:8,3
DA:9,1
DA:11,1
DA:12,1
DA:13,1
DA:14,0
DA:27,2
DA:36,3
LF:9
LH:8
BRDA:8,0,0,1
BRDA:8,0,1,2
BRF:2
BRH:2
end_of_record
TN:
SF:components\ShareForm.js
FN:6,ShareForm
FNF:1
FNH:1
FNDA:2,ShareForm
DA:7,2
DA:8,1
DA:9,1
DA:10,1
DA:11,1
DA:13,1
DA:14,171
DA:15,121
DA:16,121
DA:18,50
DA:20,1
DA:33,1
DA:41,1
LF:13
LH:13
BRDA:7,0,0,1
BRDA:7,0,1,1
BRDA:14,1,0,121
BRDA:14,1,1,50
BRF:4
BRH:4
end_of_record
TN:
SF:components\Terminos.js
FN:5,Terminos
FNF:1
FNH:1
FNDA:1,Terminos
DA:7,1
DA:40,1
LF:2
LH:2
BRF:0
BRH:0
end_of_record
TN:
SF:components\UserInfoView.js
FN:5,UserInfoView
FNF:1
FNH:1
FNDA:2,UserInfoView
DA:7,2
DA:9,1
DA:10,1
DA:11,1
DA:12,1
DA:13,1
DA:14,1
DA:15,1
DA:16,1
DA:17,1
DA:21,1
DA:83,1
DA:91,1
LF:13
LH:13
BRDA:7,0,0,1
BRDA:7,0,1,1
BRDA:16,1,0,0
BRDA:16,1,1,1
BRDA:17,2,0,0
BRDA:17,2,1,1
BRF:6
BRH:4
end_of_record
TN:
SF:components\UserLogin.js
FN:11,UserLogin
FNF:1
FNH:1
FNDA:2,UserLogin
DA:12,2
DA:13,1
DA:14,1
DA:15,1
DA:16,1
DA:17,1
DA:77,1
DA:144,1
DA:152,1
LF:9
LH:9
BRDA:12,0,0,1
BRDA:12,0,1,1
BRDA:120,1,0,1
BRDA:120,1,1,1
BRDA:126,2,0,1
BRDA:126,2,1,0
BRF:6
BRH:5
end_of_record
TN:
SF:components\firebase.js
FNF:0
FNH:0
DA:8,4
DA:17,4
DA:18,4
DA:20,0
DA:23,4
LF:5
LH:4
BRDA:17,0,0,4
BRDA:17,0,1,0
BRF:2
BRH:1
end_of_record
TN:
SF:components\firebase2.js
FNF:0
FNH:0
DA:4,2
DA:15,2
LF:2
LH:2
BRF:0
BRH:0
end_of_record
