TN:
SF:components\AppIntroduction.js
FN:6,AppIntroduction
FN:41,(anonymous_1)
FNF:2
FNH:1
FNDA:2,AppIntroduction
FNDA:0,(anonymous_1)
DA:7,2
DA:8,1
DA:41,0
DA:52,1
DA:59,1
LF:5
LH:4
BRDA:7,0,0,1
BRDA:7,0,1,1
BRF:2
BRH:2
end_of_record
TN:
SF:components\Camara.js
FN:7,Camara
FN:13,(anonymous_1)
FN:14,(anonymous_2)
FN:20,(anonymous_3)
FN:25,(anonymous_4)
FN:62,(anonymous_5)
FNF:6
FNH:1
FNDA:1,Camara
FNDA:0,(anonymous_1)
FNDA:0,(anonymous_2)
FNDA:0,(anonymous_3)
FNDA:0,(anonymous_4)
FNDA:0,(anonymous_5)
DA:8,1
DA:9,1
DA:10,1
DA:13,1
DA:14,0
DA:15,0
DA:16,0
DA:20,1
DA:21,0
DA:25,1
DA:26,0
DA:27,0
DA:28,0
DA:29,0
DA:30,0
DA:31,0
DA:32,0
DA:35,0
DA:36,0
DA:37,0
DA:38,0
DA:39,0
DA:40,0
DA:41,0
DA:42,0
DA:43,0
DA:44,0
DA:45,0
DA:46,0
DA:47,0
DA:51,1
DA:52,1
DA:58,0
DA:59,0
DA:62,0
DA:68,0
DA:86,3
LF:37
LH:9
BRDA:29,0,0,0
BRDA:29,0,1,0
BRDA:51,1,0,1
BRDA:51,1,1,0
BRDA:58,2,0,0
BRDA:58,2,1,0
BRDA:72,3,0,0
BRDA:72,3,1,0
BRF:8
BRH:1
end_of_record
TN:
SF:components\CreateForm.js
FN:8,saveFormInfo
FN:46,CreateForm
FN:80,(anonymous_2)
FN:90,(anonymous_3)
FN:100,(anonymous_4)
FN:109,(anonymous_5)
FN:119,(anonymous_6)
FN:128,(anonymous_7)
FN:137,(anonymous_8)
FN:146,(anonymous_9)
FN:155,(anonymous_10)
FN:173,(anonymous_11)
FN:205,(anonymous_12)
FN:215,(anonymous_13)
FN:225,(anonymous_14)
FN:234,(anonymous_15)
FN:244,(anonymous_16)
FN:253,(anonymous_17)
FN:262,(anonymous_18)
FN:271,(anonymous_19)
FN:280,(anonymous_20)
FN:297,(anonymous_21)
FNF:22
FNH:1
FNDA:0,saveFormInfo
FNDA:2,CreateForm
FNDA:0,(anonymous_2)
FNDA:0,(anonymous_3)
FNDA:0,(anonymous_4)
FNDA:0,(anonymous_5)
FNDA:0,(anonymous_6)
FNDA:0,(anonymous_7)
FNDA:0,(anonymous_8)
FNDA:0,(anonymous_9)
FNDA:0,(anonymous_10)
FNDA:0,(anonymous_11)
FNDA:0,(anonymous_12)
FNDA:0,(anonymous_13)
FNDA:0,(anonymous_14)
FNDA:0,(anonymous_15)
FNDA:0,(anonymous_16)
FNDA:0,(anonymous_17)
FNDA:0,(anonymous_18)
FNDA:0,(anonymous_19)
FNDA:0,(anonymous_20)
FNDA:0,(anonymous_21)
DA:9,0
DA:11,0
DA:12,0
DA:13,0
DA:29,0
DA:30,0
DA:34,0
DA:35,0
DA:39,0
DA:47,2
DA:48,1
DA:49,1
DA:50,1
DA:51,1
DA:52,1
DA:53,1
DA:54,1
DA:55,1
DA:56,1
DA:57,1
DA:60,1
DA:61,1
DA:62,1
DA:80,0
DA:90,0
DA:100,0
DA:109,0
DA:119,0
DA:128,0
DA:137,0
DA:146,0
DA:155,0
DA:174,0
DA:205,0
DA:215,0
DA:225,0
DA:234,0
DA:244,0
DA:253,0
DA:262,0
DA:271,0
DA:280,0
DA:298,0
DA:319,1
DA:327,1
LF:45
LH:16
BRDA:11,0,0,0
BRDA:11,0,1,0
BRDA:11,1,0,0
BRDA:11,1,1,0
BRDA:11,1,2,0
BRDA:11,1,3,0
BRDA:11,1,4,0
BRDA:11,1,5,0
BRDA:11,1,6,0
BRDA:47,2,0,1
BRDA:47,2,1,1
BRDA:61,3,0,1
BRDA:61,3,1,0
BRDA:64,4,0,1
BRDA:64,4,1,0
BRDA:66,5,0,0
BRDA:66,5,1,0
BRDA:77,6,0,0
BRDA:77,6,1,0
BRDA:87,7,0,0
BRDA:87,7,1,0
BRDA:97,8,0,0
BRDA:97,8,1,0
BRDA:106,9,0,0
BRDA:106,9,1,0
BRDA:116,10,0,0
BRDA:116,10,1,0
BRDA:125,11,0,0
BRDA:125,11,1,0
BRDA:134,12,0,0
BRDA:134,12,1,0
BRDA:143,13,0,0
BRDA:143,13,1,0
BRDA:152,14,0,0
BRDA:152,14,1,0
BRDA:190,15,0,1
BRDA:190,15,1,1
BRDA:192,16,0,1
BRDA:192,16,1,0
BRDA:202,17,0,1
BRDA:202,17,1,0
BRDA:212,18,0,1
BRDA:212,18,1,0
BRDA:222,19,0,1
BRDA:222,19,1,0
BRDA:231,20,0,1
BRDA:231,20,1,0
BRDA:241,21,0,1
BRDA:241,21,1,0
BRDA:250,22,0,1
BRDA:250,22,1,0
BRDA:259,23,0,1
BRDA:259,23,1,0
BRDA:268,24,0,1
BRDA:268,24,1,0
BRDA:277,25,0,1
BRDA:277,25,1,0
BRF:57
BRH:16
end_of_record
TN:
SF:components\CreateProfile.js
FN:9,(anonymous_0)
FN:19,CreateProfile
FN:23,(anonymous_2)
FN:24,(anonymous_3)
FN:28,(anonymous_4)
FN:67,(anonymous_5)
FN:91,(anonymous_6)
FN:115,(anonymous_7)
FN:132,(anonymous_8)
FN:159,(anonymous_9)
FNF:10
FNH:2
FNDA:2,(anonymous_0)
FNDA:2,CreateProfile
FNDA:0,(anonymous_2)
FNDA:0,(anonymous_3)
FNDA:0,(anonymous_4)
FNDA:0,(anonymous_5)
FNDA:0,(anonymous_6)
FNDA:0,(anonymous_7)
FNDA:0,(anonymous_8)
FNDA:0,(anonymous_9)
DA:9,2
DA:10,2
DA:12,2
DA:13,2
DA:15,0
DA:23,2
DA:24,0
DA:25,0
DA:26,0
DA:27,0
DA:28,0
DA:31,2
DA:34,1
DA:35,1
DA:36,1
DA:37,1
DA:39,1
DA:40,1
DA:43,1
DA:45,1
DA:46,1
DA:47,1
DA:53,1
DA:67,0
DA:91,0
DA:115,0
DA:133,0
DA:135,0
DA:136,0
DA:137,0
DA:141,0
DA:145,0
DA:151,0
DA:160,0
DA:170,1
DA:178,2
LF:36
LH:19
BRDA:10,0,0,2
BRDA:10,0,1,0
BRDA:31,1,0,1
BRDA:31,1,1,1
BRDA:133,2,0,0
BRDA:133,2,1,0
BRDA:135,3,0,0
BRDA:135,3,1,0
BRDA:136,4,0,0
BRDA:136,4,1,0
BRF:10
BRH:3
end_of_record
TN:
SF:components\EditProfile.js
FN:19,EditProfile
FN:71,(anonymous_1)
FN:78,(anonymous_2)
FN:94,(anonymous_3)
FN:122,(anonymous_4)
FN:143,(anonymous_5)
FN:166,(anonymous_6)
FNF:7
FNH:1
FNDA:2,EditProfile
FNDA:0,(anonymous_1)
FNDA:0,(anonymous_2)
FNDA:0,(anonymous_3)
FNDA:0,(anonymous_4)
FNDA:0,(anonymous_5)
FNDA:0,(anonymous_6)
DA:20,2
DA:21,1
DA:23,1
DA:26,1
DA:28,1
DA:29,1
DA:30,1
DA:31,1
DA:33,1
DA:34,1
DA:36,1
DA:38,1
DA:39,1
DA:40,1
DA:41,1
DA:43,1
DA:71,0
DA:78,0
DA:94,0
DA:122,0
DA:144,0
DA:148,0
DA:151,0
DA:167,0
DA:176,1
DA:184,1
LF:26
LH:18
BRDA:20,0,0,1
BRDA:20,0,1,1
BRDA:23,1,0,1
BRDA:23,1,1,0
BRDA:26,2,0,1
BRDA:26,2,1,0
BRDA:144,3,0,0
BRDA:144,3,1,0
BRDA:145,4,0,0
BRDA:145,4,1,0
BRF:10
BRH:4
end_of_record
TN:
SF:components\FormInfo.js
FN:5,FormInfo
FN:37,(anonymous_1)
FN:47,(anonymous_2)
FN:56,(anonymous_3)
FN:65,(anonymous_4)
FN:74,(anonymous_5)
FN:84,(anonymous_6)
FN:93,(anonymous_7)
FN:102,(anonymous_8)
FN:116,(anonymous_9)
FN:120,(anonymous_10)
FNF:11
FNH:1
FNDA:2,FormInfo
FNDA:0,(anonymous_1)
FNDA:0,(anonymous_2)
FNDA:0,(anonymous_3)
FNDA:0,(anonymous_4)
FNDA:0,(anonymous_5)
FNDA:0,(anonymous_6)
FNDA:0,(anonymous_7)
FNDA:0,(anonymous_8)
FNDA:0,(anonymous_9)
FNDA:0,(anonymous_10)
DA:6,2
DA:7,1
DA:8,1
DA:9,1
DA:10,1
DA:11,1
DA:12,1
DA:13,1
DA:14,1
DA:15,1
DA:17,1
DA:18,1
DA:20,1
DA:37,0
DA:47,0
DA:56,0
DA:65,0
DA:74,0
DA:84,0
DA:93,0
DA:102,0
DA:116,0
DA:120,0
DA:136,1
DA:144,2
LF:25
LH:15
BRDA:6,0,0,1
BRDA:6,0,1,1
BRDA:14,1,0,0
BRDA:14,1,1,1
BRDA:15,2,0,0
BRDA:15,2,1,1
BRDA:34,3,0,0
BRDA:34,3,1,1
BRDA:44,4,0,0
BRDA:44,4,1,1
BRDA:53,5,0,0
BRDA:53,5,1,1
BRDA:62,6,0,0
BRDA:62,6,1,1
BRDA:71,7,0,0
BRDA:71,7,1,1
BRDA:81,8,0,0
BRDA:81,8,1,1
BRDA:90,9,0,0
BRDA:90,9,1,1
BRDA:99,10,0,0
BRDA:99,10,1,1
BRDA:116,11,0,0
BRDA:116,11,1,0
BRF:24
BRH:12
end_of_record
TN:
SF:components\FormView.js
FN:9,(anonymous_0)
FN:16,(anonymous_1)
FNF:2
FNH:1
FNDA:2,(anonymous_0)
FNDA:0,(anonymous_1)
DA:7,1
DA:9,1
DA:10,2
DA:11,1
DA:12,1
DA:13,1
DA:14,1
DA:15,1
DA:16,0
DA:30,1
DA:38,1
LF:11
LH:10
BRDA:10,0,0,1
BRDA:10,0,1,1
BRF:2
BRH:2
end_of_record
TN:
SF:components\HistoryDetail.js
FN:4,HistoryDetail
FNF:1
FNH:1
FNDA:9,HistoryDetail
DA:5,9
DA:6,9
DA:36,2
LF:3
LH:3
BRDA:4,0,0,9
BRDA:5,1,0,9
BRDA:5,1,1,0
BRF:3
BRH:2
end_of_record
TN:
SF:components\Home.js
FN:13,Home
FN:22,(anonymous_1)
FN:24,(anonymous_2)
FN:26,(anonymous_3)
FN:55,(anonymous_4)
FN:65,(anonymous_5)
FN:96,(anonymous_6)
FN:100,(anonymous_7)
FN:104,(anonymous_8)
FNF:9
FNH:2
FNDA:2,Home
FNDA:1,(anonymous_1)
FNDA:0,(anonymous_2)
FNDA:0,(anonymous_3)
FNDA:0,(anonymous_4)
FNDA:0,(anonymous_5)
FNDA:0,(anonymous_6)
FNDA:0,(anonymous_7)
FNDA:0,(anonymous_8)
DA:14,2
DA:15,1
DA:16,1
DA:17,1
DA:18,1
DA:19,1
DA:20,1
DA:22,1
DA:24,1
DA:25,0
DA:26,0
DA:27,0
DA:28,0
DA:38,0
DA:42,0
DA:50,1
DA:56,0
DA:66,0
DA:96,0
DA:100,0
DA:104,0
DA:113,1
DA:121,2
LF:23
LH:12
BRDA:14,0,0,1
BRDA:14,0,1,1
BRDA:18,1,0,1
BRDA:18,1,1,0
BRDA:58,2,0,1
BRDA:58,2,1,0
BRDA:127,3,0,0
BRDA:127,3,1,2
BRF:8
BRH:5
end_of_record
TN:
SF:components\MedicalHistory.js
FN:5,MedicalHistory
FNF:1
FNH:1
FNDA:1,MedicalHistory
DA:7,1
DA:27,1
LF:2
LH:2
BRF:0
BRH:0
end_of_record
TN:
SF:components\MedicalHistoryView.js
FN:6,(anonymous_0)
FN:14,(anonymous_1)
FNF:2
FNH:1
FNDA:3,(anonymous_0)
FNDA:0,(anonymous_1)
DA:6,3
DA:8,3
DA:9,1
DA:11,1
DA:12,1
DA:13,1
DA:14,0
DA:27,2
DA:36,3
LF:9
LH:8
BRDA:8,0,0,1
BRDA:8,0,1,2
BRF:2
BRH:2
end_of_record
TN:
SF:components\ShareForm.js
FN:6,ShareForm
FNF:1
FNH:1
FNDA:2,ShareForm
DA:7,2
DA:8,1
DA:9,1
DA:10,1
DA:11,1
DA:13,1
DA:14,171
DA:15,121
DA:16,121
DA:18,50
DA:20,1
DA:33,1
DA:41,1
LF:13
LH:13
BRDA:7,0,0,1
BRDA:7,0,1,1
BRDA:14,1,0,121
BRDA:14,1,1,50
BRF:4
BRH:4
end_of_record
TN:
SF:components\Terminos.js
FN:5,Terminos
FNF:1
FNH:1
FNDA:1,Terminos
DA:7,1
DA:40,1
LF:2
LH:2
BRF:0
BRH:0
end_of_record
TN:
SF:components\UserInfoView.js
FN:5,UserInfoView
FNF:1
FNH:1
FNDA:2,UserInfoView
DA:7,2
DA:9,1
DA:10,1
DA:11,1
DA:12,1
DA:13,1
DA:14,1
DA:15,1
DA:16,1
DA:17,1
DA:21,1
DA:83,1
DA:91,1
LF:13
LH:13
BRDA:7,0,0,1
BRDA:7,0,1,1
BRDA:16,1,0,0
BRDA:16,1,1,1
BRDA:17,2,0,0
BRDA:17,2,1,1
BRF:6
BRH:4
end_of_record
TN:
SF:components\UserLogin.js
FN:11,UserLogin
FN:19,(anonymous_1)
FN:22,(anonymous_2)
FN:30,(anonymous_3)
FN:38,(anonymous_4)
FN:50,(anonymous_5)
FN:54,(anonymous_6)
FN:68,(anonymous_7)
FN:92,(anonymous_8)
FN:109,(anonymous_9)
FN:137,(anonymous_10)
FNF:11
FNH:1
FNDA:2,UserLogin
FNDA:0,(anonymous_1)
FNDA:0,(anonymous_2)
FNDA:0,(anonymous_3)
FNDA:0,(anonymous_4)
FNDA:0,(anonymous_5)
FNDA:0,(anonymous_6)
FNDA:0,(anonymous_7)
FNDA:0,(anonymous_8)
FNDA:0,(anonymous_9)
FNDA:0,(anonymous_10)
DA:12,2
DA:13,1
DA:14,1
DA:15,1
DA:16,1
DA:17,1
DA:19,1
DA:20,0
DA:21,0
DA:23,0
DA:24,0
DA:25,0
DA:26,0
DA:27,0
DA:28,0
DA:29,0
DA:31,0
DA:32,0
DA:38,1
DA:40,0
DA:42,0
DA:49,0
DA:51,0
DA:52,0
DA:53,0
DA:54,0
DA:58,0
DA:64,0
DA:66,0
DA:69,0
DA:70,0
DA:77,1
DA:92,0
DA:109,0
DA:138,0
DA:148,1
DA:156,1
LF:37
LH:11
BRDA:12,0,0,1
BRDA:12,0,1,1
BRDA:52,1,0,0
BRDA:52,1,1,0
BRDA:122,2,0,1
BRDA:122,2,1,1
BRDA:128,3,0,1
BRDA:128,3,1,0
BRF:8
BRH:5
end_of_record
TN:
SF:components\firebase.js
FNF:0
FNH:0
DA:8,4
DA:17,4
DA:18,4
DA:20,0
DA:23,4
LF:5
LH:4
BRDA:17,0,0,4
BRDA:17,0,1,0
BRF:2
BRH:1
end_of_record
TN:
SF:components\firebase2.js
FNF:0
FNH:0
DA:4,2
DA:15,2
LF:2
LH:2
BRF:0
BRH:0
end_of_record
